#
# There is insufficient memory for the Java Runtime Environment to continue.
# Native memory allocation (malloc) failed to allocate 1179696 bytes for Chunk::new
# Possible reasons:
#   The system is out of physical RAM or swap space
#   In 32 bit mode, the process size limit was hit
# Possible solutions:
#   Reduce memory load on the system
#   Increase physical memory or swap space
#   Check if swap backing store is full
#   Use 64 bit Java on a 64 bit OS
#   Decrease Java heap size (-Xmx/-Xms)
#   Decrease number of Java threads
#   Decrease Java thread stack sizes (-Xss)
#   Set larger code cache with -XX:ReservedCodeCacheSize=
# This output file may be truncated or incomplete.
#
#  Out of Memory Error (allocation.cpp:390), pid=1268, tid=0x0000000000001758
#
# JRE version: OpenJDK Runtime Environment (8.0_152-b01) (build 1.8.0_152-release-915-b01)
# Java VM: OpenJDK 64-Bit Server VM (25.152-b01 mixed mode windows-amd64 compressed oops)
# Failed to write core dump. Minidumps are not enabled by default on client versions of Windows
#

---------------  T H R E A D  ---------------

Current thread (0x000000001a218800):  JavaThread "C2 CompilerThread1" daemon [_thread_in_native, id=5976, stack(0x000000001aad0000,0x000000001abd0000)]

Stack: [0x000000001aad0000,0x000000001abd0000]
[error occurred during error reporting (printing stack bounds), id 0xc0000005]

Native frames: (J=compiled Java code, j=interpreted, Vv=VM code, C=native code)


Current CompileTask:
C2:10331518 18715       4       org.gradle.api.internal.file.pattern.PatternMatcherFactory::compile (91 bytes)


---------------  P R O C E S S  ---------------

Java Threads: ( => current thread )
  0x000000001c481000 JavaThread "ForkJoinPool.commonPool-worker-3" daemon [_thread_blocked, id=5424, stack(0x000000003fc60000,0x000000003fd60000)]
  0x000000001c47e000 JavaThread "Cache worker for Java compile cache (D:\android\androidExample\AppTest2\.gradle\4.1\javaCompile)" [_thread_blocked, id=6836, stack(0x000000003fb60000,0x000000003fc60000)]
  0x000000001c175800 JavaThread "Task worker for ':' Thread 7" [_thread_blocked, id=2232, stack(0x000000003e160000,0x000000003e260000)]
  0x000000001c174800 JavaThread "Task worker for ':' Thread 6" [_thread_blocked, id=96, stack(0x000000003e060000,0x000000003e160000)]
  0x000000001c173000 JavaThread "Task worker for ':' Thread 5" [_thread_blocked, id=6208, stack(0x000000003df60000,0x000000003e060000)]
  0x000000001c16b800 JavaThread "Task worker for ':' Thread 4" [_thread_blocked, id=1156, stack(0x000000003de60000,0x000000003df60000)]
  0x000000001c172800 JavaThread "Task worker for ':' Thread 3" [_thread_blocked, id=9776, stack(0x000000003dd60000,0x000000003de60000)]
  0x000000001c16b000 JavaThread "Task worker for ':' Thread 2" [_thread_blocked, id=7624, stack(0x000000003dc60000,0x000000003dd60000)]
  0x000000001c171800 JavaThread "Task worker for ':'" [_thread_in_native, id=3200, stack(0x000000003db60000,0x000000003dc60000)]
  0x000000001c170000 JavaThread "Cache worker for task history cache (D:\android\androidExample\AppTest2\.gradle\4.1\taskHistory)" [_thread_blocked, id=5688, stack(0x000000003da60000,0x000000003db60000)]
  0x000000001c171000 JavaThread "Cache worker for file content cache (D:\android\androidExample\AppTest2\.gradle\4.1\fileContent)" [_thread_blocked, id=2504, stack(0x000000003d960000,0x000000003da60000)]
  0x000000001c16e800 JavaThread "build operations Thread 8" [_thread_blocked, id=2772, stack(0x000000003d860000,0x000000003d960000)]
  0x000000001c16d000 JavaThread "build operations Thread 7" [_thread_blocked, id=8260, stack(0x000000003d760000,0x000000003d860000)]
  0x000000001d418000 JavaThread "build operations Thread 6" [_thread_blocked, id=8108, stack(0x000000003d660000,0x000000003d760000)]
  0x000000001d415800 JavaThread "build operations Thread 5" [_thread_blocked, id=5716, stack(0x000000003d560000,0x000000003d660000)]
  0x000000001d415000 JavaThread "build operations Thread 4" [_thread_blocked, id=4728, stack(0x000000003d460000,0x000000003d560000)]
  0x000000001d41b000 JavaThread "build operations Thread 3" [_thread_blocked, id=5796, stack(0x000000003d360000,0x000000003d460000)]
  0x000000001d418800 JavaThread "build operations Thread 2" [_thread_blocked, id=1808, stack(0x000000003d260000,0x000000003d360000)]
  0x000000001d411000 JavaThread "build operations" [_thread_blocked, id=2632, stack(0x000000003d160000,0x000000003d260000)]
  0x000000001d414000 JavaThread "Cache worker for Artifact transforms cache (D:\systems\.gradle\caches\transforms-1)" [_thread_blocked, id=7296, stack(0x000000003d060000,0x000000003d160000)]
  0x000000001d413800 JavaThread "Cache worker for file hash cache (D:\android\androidExample\AppTest2\.gradle\4.1\fileHashes)" [_thread_blocked, id=7968, stack(0x000000003cf60000,0x000000003d060000)]
  0x000000001d416800 JavaThread "Stdin handler" [_thread_blocked, id=7648, stack(0x000000003ce60000,0x000000003cf60000)]
  0x000000001d40d800 JavaThread "Asynchronous log dispatcher for DefaultDaemonConnection: socket connection from /127.0.0.1:4883 to /127.0.0.1:6145" [_thread_blocked, id=2488, stack(0x000000003cd60000,0x000000003ce60000)]
  0x000000001d410800 JavaThread "Daemon worker Thread 3" [_thread_blocked, id=6920, stack(0x000000003cc60000,0x000000003cd60000)]
  0x000000001d412800 JavaThread "Cancel handler" [_thread_blocked, id=7184, stack(0x000000003cb60000,0x000000003cc60000)]
  0x000000001d40f800 JavaThread "Handler for socket connection from /127.0.0.1:4883 to /127.0.0.1:6145" [_thread_in_native, id=9948, stack(0x000000003ca60000,0x000000003cb60000)]
  0x000000001d412000 JavaThread "Daemon Thread 3" [_thread_blocked, id=5372, stack(0x000000003c960000,0x000000003ca60000)]
  0x000000001c482000 JavaThread "Memory manager" [_thread_blocked, id=6860, stack(0x0000000024d20000,0x0000000024e20000)]
  0x000000001c790800 JavaThread "File lock request listener" [_thread_in_native, id=9704, stack(0x000000001e9f0000,0x000000001eaf0000)]
  0x000000001c5c8000 JavaThread "Cache worker for file hash cache (D:\systems\.gradle\caches\4.1\fileHashes)" [_thread_blocked, id=7152, stack(0x000000001e8f0000,0x000000001e9f0000)]
  0x000000001c412800 JavaThread "Daemon periodic checks" [_thread_blocked, id=7116, stack(0x000000001def0000,0x000000001dff0000)]
  0x000000001c165800 JavaThread "Incoming local TCP Connector on port 4883" [_thread_in_native, id=8456, stack(0x000000001dcb0000,0x000000001ddb0000)]
  0x000000001a2de800 JavaThread "Service Thread" daemon [_thread_blocked, id=5116, stack(0x000000001add0000,0x000000001aed0000)]
  0x000000001830e000 JavaThread "C1 CompilerThread3" daemon [_thread_blocked, id=6060, stack(0x000000001acd0000,0x000000001add0000)]
  0x000000001a26a000 JavaThread "C2 CompilerThread2" daemon [_thread_in_native, id=7028, stack(0x000000001abd0000,0x000000001acd0000)]
=>0x000000001a218800 JavaThread "C2 CompilerThread1" daemon [_thread_in_native, id=5976, stack(0x000000001aad0000,0x000000001abd0000)]
  0x000000001a213000 JavaThread "C2 CompilerThread0" daemon [_thread_in_native, id=4064, stack(0x000000001a9d0000,0x000000001aad0000)]
  0x000000001a261000 JavaThread "Attach Listener" daemon [_thread_blocked, id=1840, stack(0x000000001a8d0000,0x000000001a9d0000)]
  0x000000001a260800 JavaThread "Signal Dispatcher" daemon [_thread_blocked, id=6692, stack(0x000000001a7d0000,0x000000001a8d0000)]
  0x000000001a200800 JavaThread "Finalizer" daemon [_thread_blocked, id=8448, stack(0x000000001a5e0000,0x000000001a6e0000)]
  0x0000000004539000 JavaThread "Reference Handler" daemon [_thread_blocked, id=2696, stack(0x000000001a0e0000,0x000000001a1e0000)]
  0x000000000421e800 JavaThread "main" [_thread_blocked, id=9688, stack(0x0000000004340000,0x0000000004440000)]

Other Threads:
  0x00000000182f5800 VMThread [stack: 0x0000000019fe0000,0x000000001a0e0000] [id=8672]
  0x000000001a2df800 WatcherThread [stack: 0x000000001aed0000,0x000000001afd0000] [id=884]

VM state:not at safepoint (normal execution)

VM Mutex/Monitor currently owned by a thread: None

Heap:
 PSYoungGen      total 318464K, used 207200K [0x00000000e0000000, 0x00000000f6b80000, 0x0000000100000000)
  eden space 264704K, 72% used [0x00000000e0000000,0x00000000eba33d18,0x00000000f0280000)
  from space 53760K, 30% used [0x00000000f0280000,0x00000000f12a4518,0x00000000f3700000)
  to   space 44032K, 0% used [0x00000000f4080000,0x00000000f4080000,0x00000000f6b80000)
 ParOldGen       total 241152K, used 49575K [0x00000000a0000000, 0x00000000aeb80000, 0x00000000e0000000)
  object space 241152K, 20% used [0x00000000a0000000,0x00000000a3069f30,0x00000000aeb80000)
 Metaspace       used 95717K, capacity 100662K, committed 103424K, reserved 1138688K
  class space    used 12151K, capacity 13237K, committed 13824K, reserved 1048576K

Card table byte_map: [0x0000000013900000,0x0000000013c10000] byte_map_base: 0x0000000013400000

Marking Bits: (ParMarkBitMap*) 0x00000000562f3950
 Begin Bits: [0x0000000014610000, 0x0000000015e10000)
 End Bits:   [0x0000000015e10000, 0x0000000017610000)

Polling page: 0x00000000001f0000

CodeCache: size=245760Kb used=52097Kb max_used=52394Kb free=193662Kb
 bounds [0x0000000004540000, 0x00000000078c0000, 0x0000000013540000]
 total_blobs=15885 nmethods=15043 adapters=753
 compilation: enabled

Compilation events (10 events):
Event: 10329.921 Thread 0x000000001830e000 18758       3       com.google.common.collect.ImmutableSet$Indexed::<init> (5 bytes)
Event: 10329.922 Thread 0x000000001830e000 nmethod 18758 0x00000000075237d0 code [0x0000000007523940, 0x0000000007523c10]
Event: 10329.924 Thread 0x000000001830e000 18759       1       java.util.stream.Streams$RangeIntSpliterator::characteristics (4 bytes)
Event: 10329.924 Thread 0x000000001830e000 nmethod 18759 0x00000000074d6590 code [0x00000000074d66e0, 0x00000000074d67f0]
Event: 10329.927 Thread 0x000000001830e000 18760       1       com.google.common.hash.ChecksumHashFunction::access$100 (5 bytes)
Event: 10329.927 Thread 0x000000001830e000 nmethod 18760 0x00000000074f9b50 code [0x00000000074f9ca0, 0x00000000074f9d90]
Event: 10329.969 Thread 0x000000001a213000 nmethod 18746 0x000000000565d610 code [0x000000000565dba0, 0x0000000005660968]
Event: 10329.969 Thread 0x000000001a213000 18749       4       java.util.TreeMap::floorKey (9 bytes)
Event: 10329.972 Thread 0x000000001a213000 nmethod 18749 0x00000000069a68d0 code [0x00000000069a6a40, 0x00000000069a6df8]
Event: 10329.972 Thread 0x000000001a213000 18748       4       com.android.apkzlib.zip.StoredEntry::readDataDescriptorRecord (248 bytes)

GC Heap History (10 events):
Event: 154.322 GC heap before
{Heap before GC invocations=19 (full 3):
 PSYoungGen      total 307200K, used 298659K [0x00000000e0000000, 0x00000000f7580000, 0x0000000100000000)
  eden space 263168K, 100% used [0x00000000e0000000,0x00000000f0100000,0x00000000f0100000)
  from space 44032K, 80% used [0x00000000f0100000,0x00000000f23a8d18,0x00000000f2c00000)
  to   space 47104K, 0% used [0x00000000f4780000,0x00000000f4780000,0x00000000f7580000)
 ParOldGen       total 178176K, used 46997K [0x00000000a0000000, 0x00000000aae00000, 0x00000000e0000000)
  object space 178176K, 26% used [0x00000000a0000000,0x00000000a2de57e8,0x00000000aae00000)
 Metaspace       used 89974K, capacity 95626K, committed 95872K, reserved 1132544K
  class space    used 11659K, capacity 12868K, committed 12928K, reserved 1048576K
Event: 154.350 GC heap after
Heap after GC invocations=19 (full 3):
 PSYoungGen      total 330752K, used 40556K [0x00000000e0000000, 0x00000000f7d80000, 0x0000000100000000)
  eden space 283648K, 0% used [0x00000000e0000000,0x00000000e0000000,0x00000000f1500000)
  from space 47104K, 86% used [0x00000000f4780000,0x00000000f6f1b360,0x00000000f7580000)
  to   space 51712K, 0% used [0x00000000f1500000,0x00000000f1500000,0x00000000f4780000)
 ParOldGen       total 178176K, used 47005K [0x00000000a0000000, 0x00000000aae00000, 0x00000000e0000000)
  object space 178176K, 26% used [0x00000000a0000000,0x00000000a2de77e8,0x00000000aae00000)
 Metaspace       used 89974K, capacity 95626K, committed 95872K, reserved 1132544K
  class space    used 11659K, capacity 12868K, committed 12928K, reserved 1048576K
}
Event: 8780.028 GC heap before
{Heap before GC invocations=20 (full 3):
 PSYoungGen      total 330752K, used 324204K [0x00000000e0000000, 0x00000000f7d80000, 0x0000000100000000)
  eden space 283648K, 100% used [0x00000000e0000000,0x00000000f1500000,0x00000000f1500000)
  from space 47104K, 86% used [0x00000000f4780000,0x00000000f6f1b360,0x00000000f7580000)
  to   space 51712K, 0% used [0x00000000f1500000,0x00000000f1500000,0x00000000f4780000)
 ParOldGen       total 178176K, used 47005K [0x00000000a0000000, 0x00000000aae00000, 0x00000000e0000000)
  object space 178176K, 26% used [0x00000000a0000000,0x00000000a2de77e8,0x00000000aae00000)
 Metaspace       used 90481K, capacity 96182K, committed 96384K, reserved 1132544K
  class space    used 11695K, capacity 12892K, committed 12928K, reserved 1048576K
Event: 8780.099 GC heap after
Heap after GC invocations=20 (full 3):
 PSYoungGen      total 311808K, used 37528K [0x00000000e0000000, 0x00000000f7580000, 0x0000000100000000)
  eden space 273920K, 0% used [0x00000000e0000000,0x00000000e0000000,0x00000000f0b80000)
  from space 37888K, 99% used [0x00000000f1500000,0x00000000f39a61e8,0x00000000f3a00000)
  to   space 54272K, 0% used [0x00000000f4080000,0x00000000f4080000,0x00000000f7580000)
 ParOldGen       total 178176K, used 47013K [0x00000000a0000000, 0x00000000aae00000, 0x00000000e0000000)
  object space 178176K, 26% used [0x00000000a0000000,0x00000000a2de97e8,0x00000000aae00000)
 Metaspace       used 90481K, capacity 96182K, committed 96384K, reserved 1132544K
  class space    used 11695K, capacity 12892K, committed 12928K, reserved 1048576K
}
Event: 10324.020 GC heap before
{Heap before GC invocations=21 (full 3):
 PSYoungGen      total 311808K, used 176135K [0x00000000e0000000, 0x00000000f7580000, 0x0000000100000000)
  eden space 273920K, 50% used [0x00000000e0000000,0x00000000e875bde8,0x00000000f0b80000)
  from space 37888K, 99% used [0x00000000f1500000,0x00000000f39a61e8,0x00000000f3a00000)
  to   space 54272K, 0% used [0x00000000f4080000,0x00000000f4080000,0x00000000f7580000)
 ParOldGen       total 178176K, used 47013K [0x00000000a0000000, 0x00000000aae00000, 0x00000000e0000000)
  object space 178176K, 26% used [0x00000000a0000000,0x00000000a2de97e8,0x00000000aae00000)
 Metaspace       used 92221K, capacity 98246K, committed 98304K, reserved 1134592K
  class space    used 11961K, capacity 13282K, committed 13312K, reserved 1048576K
Event: 10324.038 GC heap after
Heap after GC invocations=21 (full 3):
 PSYoungGen      total 308736K, used 30834K [0x00000000e0000000, 0x00000000f6b80000, 0x0000000100000000)
  eden space 264704K, 0% used [0x00000000e0000000,0x00000000e0000000,0x00000000f0280000)
  from space 44032K, 70% used [0x00000000f4080000,0x00000000f5e9cbe8,0x00000000f6b80000)
  to   space 53760K, 0% used [0x00000000f0280000,0x00000000f0280000,0x00000000f3700000)
 ParOldGen       total 178176K, used 47021K [0x00000000a0000000, 0x00000000aae00000, 0x00000000e0000000)
  object space 178176K, 26% used [0x00000000a0000000,0x00000000a2deb7e8,0x00000000aae00000)
 Metaspace       used 92221K, capacity 98246K, committed 98304K, reserved 1134592K
  class space    used 11961K, capacity 13282K, committed 13312K, reserved 1048576K
}
Event: 10324.038 GC heap before
{Heap before GC invocations=22 (full 4):
 PSYoungGen      total 308736K, used 30834K [0x00000000e0000000, 0x00000000f6b80000, 0x0000000100000000)
  eden space 264704K, 0% used [0x00000000e0000000,0x00000000e0000000,0x00000000f0280000)
  from space 44032K, 70% used [0x00000000f4080000,0x00000000f5e9cbe8,0x00000000f6b80000)
  to   space 53760K, 0% used [0x00000000f0280000,0x00000000f0280000,0x00000000f3700000)
 ParOldGen       total 178176K, used 47021K [0x00000000a0000000, 0x00000000aae00000, 0x00000000e0000000)
  object space 178176K, 26% used [0x00000000a0000000,0x00000000a2deb7e8,0x00000000aae00000)
 Metaspace       used 92221K, capacity 98246K, committed 98304K, reserved 1134592K
  class space    used 11961K, capacity 13282K, committed 13312K, reserved 1048576K
Event: 10324.229 GC heap after
Heap after GC invocations=22 (full 4):
 PSYoungGen      total 308736K, used 0K [0x00000000e0000000, 0x00000000f6b80000, 0x0000000100000000)
  eden space 264704K, 0% used [0x00000000e0000000,0x00000000e0000000,0x00000000f0280000)
  from space 44032K, 0% used [0x00000000f4080000,0x00000000f4080000,0x00000000f6b80000)
  to   space 53760K, 0% used [0x00000000f0280000,0x00000000f0280000,0x00000000f3700000)
 ParOldGen       total 241152K, used 49559K [0x00000000a0000000, 0x00000000aeb80000, 0x00000000e0000000)
  object space 241152K, 20% used [0x00000000a0000000,0x00000000a3065f30,0x00000000aeb80000)
 Metaspace       used 89633K, capacity 94078K, committed 98304K, reserved 1134592K
  class space    used 11440K, capacity 12433K, committed 13312K, reserved 1048576K
}
Event: 10328.467 GC heap before
{Heap before GC invocations=23 (full 4):
 PSYoungGen      total 308736K, used 264517K [0x00000000e0000000, 0x00000000f6b80000, 0x0000000100000000)
  eden space 264704K, 99% used [0x00000000e0000000,0x00000000f02516a8,0x00000000f0280000)
  from space 44032K, 0% used [0x00000000f4080000,0x00000000f4080000,0x00000000f6b80000)
  to   space 53760K, 0% used [0x00000000f0280000,0x00000000f0280000,0x00000000f3700000)
 ParOldGen       total 241152K, used 49559K [0x00000000a0000000, 0x00000000aeb80000, 0x00000000e0000000)
  object space 241152K, 20% used [0x00000000a0000000,0x00000000a3065f30,0x00000000aeb80000)
 Metaspace       used 95106K, capacity 99726K, committed 102912K, reserved 1138688K
  class space    used 12050K, capacity 13099K, committed 13824K, reserved 1048576K
Event: 10328.480 GC heap after
Heap after GC invocations=23 (full 4):
 PSYoungGen      total 318464K, used 16529K [0x00000000e0000000, 0x00000000f6b80000, 0x0000000100000000)
  eden space 264704K, 0% used [0x00000000e0000000,0x00000000e0000000,0x00000000f0280000)
  from space 53760K, 30% used [0x00000000f0280000,0x00000000f12a4518,0x00000000f3700000)
  to   space 44032K, 0% used [0x00000000f4080000,0x00000000f4080000,0x00000000f6b80000)
 ParOldGen       total 241152K, used 49575K [0x00000000a0000000, 0x00000000aeb80000, 0x00000000e0000000)
  object space 241152K, 20% used [0x00000000a0000000,0x00000000a3069f30,0x00000000aeb80000)
 Metaspace       used 95106K, capacity 99726K, committed 102912K, reserved 1138688K
  class space    used 12050K, capacity 13099K, committed 13824K, reserved 1048576K
}

Deoptimization events (10 events):
Event: 10329.429 Thread 0x000000001c171800 Uncommon trap: reason=bimorphic action=maybe_recompile pc=0x0000000006141d0c method=java.util.zip.InflaterInputStream.fill()V @ 19
Event: 10329.429 Thread 0x000000001c171800 Uncommon trap: reason=bimorphic action=maybe_recompile pc=0x0000000006141d0c method=java.util.zip.InflaterInputStream.fill()V @ 19
Event: 10329.429 Thread 0x000000001c171800 Uncommon trap: reason=bimorphic action=maybe_recompile pc=0x0000000006141d0c method=java.util.zip.InflaterInputStream.fill()V @ 19
Event: 10329.446 Thread 0x000000001c171800 Uncommon trap: reason=unstable_if action=reinterpret pc=0x00000000068f5118 method=java.lang.ref.SoftReference.get()Ljava/lang/Object; @ 6
Event: 10329.826 Thread 0x000000001c171800 Uncommon trap: reason=unstable_if action=reinterpret pc=0x00000000077c3024 method=java.io.WinNTFileSystem.resolve(Ljava/lang/String;Ljava/lang/String;)Ljava/lang/String; @ 36
Event: 10329.854 Thread 0x000000001c171800 Uncommon trap: reason=bimorphic action=maybe_recompile pc=0x000000000788a9c8 method=org.gradle.api.specs.NotSpec.isSatisfiedBy(Ljava/lang/Object;)Z @ 5
Event: 10329.854 Thread 0x000000001c171800 Uncommon trap: reason=bimorphic action=maybe_recompile pc=0x000000000788a9c8 method=org.gradle.api.specs.NotSpec.isSatisfiedBy(Ljava/lang/Object;)Z @ 5
Event: 10329.854 Thread 0x000000001c171800 Uncommon trap: reason=bimorphic action=maybe_recompile pc=0x000000000788a9c8 method=org.gradle.api.specs.NotSpec.isSatisfiedBy(Ljava/lang/Object;)Z @ 5
Event: 10329.854 Thread 0x000000001c171800 Uncommon trap: reason=bimorphic action=maybe_recompile pc=0x000000000788a9c8 method=org.gradle.api.specs.NotSpec.isSatisfiedBy(Ljava/lang/Object;)Z @ 5
Event: 10329.922 Thread 0x000000001c171800 Uncommon trap: reason=unstable_if action=reinterpret pc=0x00000000062b2038 method=sun.nio.fs.WindowsPathParser.parse(Ljava/lang/String;Z)Lsun/nio/fs/WindowsPathParser$Result; @ 45

Classes redefined (0 events):
No events

Internal exceptions (10 events):
Event: 10328.066 Thread 0x000000001c171800 Implicit null exception at 0x00000000052be8f8 to 0x00000000052bee99
Event: 10328.085 Thread 0x000000001c171800 Exception <a 'sun/nio/fs/WindowsException'> (0x00000000e99bea10) thrown at [D:\src\AOSP-openjdk-cygwin\jdk8u\hotspot\src\share\vm\prims\jni.cpp, line 709]
Event: 10328.302 Thread 0x000000001c171800 Exception <a 'java/lang/NoSuchMethodError': java.lang.Object.lambda$comparing$ea9a8b3a$1(Ljava/util/Comparator;Ljava/util/function/Function;Ljava/lang/Object;Ljava/lang/Object;)I> (0x00000000ea172c48) thrown at [D:\src\AOSP-openjdk-cygwin\jdk8u\hotspot\sr
Event: 10328.387 Thread 0x000000001c171800 Exception <a 'java/lang/NoSuchMethodError': java.lang.Object.lambda$or$2(Ljava/util/function/Predicate;Ljava/lang/Object;)Z> (0x00000000ea37f2b0) thrown at [D:\src\AOSP-openjdk-cygwin\jdk8u\hotspot\src\share\vm\interpreter\linkResolver.cpp, line 584]
Event: 10328.544 Thread 0x000000001c171800 Exception <a 'java/io/FileNotFoundException'> (0x00000000e79ebf80) thrown at [D:\src\AOSP-openjdk-cygwin\jdk8u\hotspot\src\share\vm\prims\jni.cpp, line 709]
Event: 10329.254 Thread 0x000000001c171800 Exception <a 'java/lang/NoSuchMethodError': <clinit>> (0x00000000e8098110) thrown at [D:\src\AOSP-openjdk-cygwin\jdk8u\hotspot\src\share\vm\prims\jni.cpp, line 1613]
Event: 10329.346 Thread 0x000000001c171800 Exception <a 'java/lang/NoSuchMethodError': java.lang.Object.lambda$asRunnable$0(Lcom/android/apkzlib/utils/IOExceptionRunnable;)V> (0x00000000e84fed00) thrown at [D:\src\AOSP-openjdk-cygwin\jdk8u\hotspot\src\share\vm\interpreter\linkResolver.cpp, line 58
Event: 10329.349 Thread 0x000000001c171800 Exception <a 'java/lang/NoSuchMethodError': java.lang.Object.lambda$and$0(Ljava/util/function/Predicate;Ljava/lang/Object;)Z> (0x00000000e854ad30) thrown at [D:\src\AOSP-openjdk-cygwin\jdk8u\hotspot\src\share\vm\interpreter\linkResolver.cpp, line 584]
Event: 10329.446 Thread 0x000000001c171800 Implicit null exception at 0x00000000068f47dd to 0x00000000068f50fd
Event: 10329.446 Thread 0x000000001c171800 Exception <a 'java/lang/NoSuchMethodError': <clinit>> (0x00000000e9e89750) thrown at [D:\src\AOSP-openjdk-cygwin\jdk8u\hotspot\src\share\vm\prims\jni.cpp, line 1613]

Events (10 events):
Event: 10329.854 Thread 0x000000001c171800 Uncommon trap: trap_request=0xffffffc6 fr.pc=0x000000000788a9c8
Event: 10329.854 Thread 0x000000001c171800 DEOPT PACKING pc=0x000000000788a9c8 sp=0x000000003dc5db30
Event: 10329.854 Thread 0x000000001c171800 DEOPT UNPACKING pc=0x000000000458556a sp=0x000000003dc5db00 mode 2
Event: 10329.860 loading class com/android/builder/merge/MergeOutputWriters$2
Event: 10329.860 loading class com/android/builder/merge/MergeOutputWriters$2 done
Event: 10329.922 Thread 0x000000001c171800 Uncommon trap: trap_request=0xffffff65 fr.pc=0x00000000062b2038
Event: 10329.922 Thread 0x000000001c171800 DEOPT PACKING pc=0x00000000062b2038 sp=0x000000003dc5cb10
Event: 10329.922 Thread 0x000000001c171800 DEOPT UNPACKING pc=0x000000000458556a sp=0x000000003dc5caf0 mode 2
Event: 10329.923 loading class com/android/build/gradle/internal/packaging/PackagingFileAction
Event: 10329.923 loading class com/android/build/gradle/internal/packaging/PackagingFileAction done


Dynamic libraries:
0x00007ff75f4d0000 - 0x00007ff75f501000 	C:\Program Files\Android\Android Studio\jre\bin\java.exe
0x00007ff949c30000 - 0x00007ff949e10000 	C:\WINDOWS\SYSTEM32\ntdll.dll
0x00007ff947530000 - 0x00007ff9475de000 	C:\WINDOWS\System32\KERNEL32.DLL
0x00007ff946c50000 - 0x00007ff946eb6000 	C:\WINDOWS\System32\KERNELBASE.dll
0x00007ff947760000 - 0x00007ff947801000 	C:\WINDOWS\System32\ADVAPI32.dll
0x00007ff9473c0000 - 0x00007ff94745d000 	C:\WINDOWS\System32\msvcrt.dll
0x00007ff949810000 - 0x00007ff94986b000 	C:\WINDOWS\System32\sechost.dll
0x00007ff947d80000 - 0x00007ff947e9f000 	C:\WINDOWS\System32\RPCRT4.dll
0x00007ff949870000 - 0x00007ff9499ff000 	C:\WINDOWS\System32\USER32.dll
0x00007ff9470e0000 - 0x00007ff947100000 	C:\WINDOWS\System32\win32u.dll
0x00007ff949380000 - 0x00007ff9493a8000 	C:\WINDOWS\System32\GDI32.dll
0x00007ff946780000 - 0x00007ff946913000 	C:\WINDOWS\System32\gdi32full.dll
0x00007ff946b00000 - 0x00007ff946b9b000 	C:\WINDOWS\System32\msvcp_win.dll
0x00007ff946920000 - 0x00007ff946a16000 	C:\WINDOWS\System32\ucrtbase.dll
0x00007ff929840000 - 0x00007ff929aa9000 	C:\WINDOWS\WinSxS\amd64_microsoft.windows.common-controls_6595b64144ccf1df_6.0.16299.125_none_15cbcf8893620c09\COMCTL32.dll
0x00007ff949500000 - 0x00007ff949808000 	C:\WINDOWS\System32\combase.dll
0x00007ff946a20000 - 0x00007ff946a92000 	C:\WINDOWS\System32\bcryptPrimitives.dll
0x00007ff9492e0000 - 0x00007ff94930d000 	C:\WINDOWS\System32\IMM32.DLL
0x0000000056800000 - 0x00000000568d2000 	C:\Program Files\Android\Android Studio\jre\jre\bin\msvcr100.dll
0x0000000055b30000 - 0x000000005636e000 	C:\Program Files\Android\Android Studio\jre\jre\bin\server\jvm.dll
0x00007ff949a00000 - 0x00007ff949a08000 	C:\WINDOWS\System32\PSAPI.DLL
0x00007ff93b150000 - 0x00007ff93b159000 	C:\WINDOWS\SYSTEM32\WSOCK32.dll
0x00007ff93b1e0000 - 0x00007ff93b203000 	C:\WINDOWS\SYSTEM32\WINMM.dll
0x00007ff93b780000 - 0x00007ff93b78a000 	C:\WINDOWS\SYSTEM32\VERSION.dll
0x00007ff947d10000 - 0x00007ff947d7c000 	C:\WINDOWS\System32\WS2_32.dll
0x00007ff93b160000 - 0x00007ff93b18a000 	C:\WINDOWS\SYSTEM32\WINMMBASE.dll
0x00007ff946ec0000 - 0x00007ff946f0a000 	C:\WINDOWS\System32\cfgmgr32.dll
0x00007ff941a40000 - 0x00007ff941a4f000 	C:\Program Files\Android\Android Studio\jre\jre\bin\verify.dll
0x00007ff941950000 - 0x00007ff941979000 	C:\Program Files\Android\Android Studio\jre\jre\bin\java.dll
0x00007ff93bf20000 - 0x00007ff93bf36000 	C:\Program Files\Android\Android Studio\jre\jre\bin\zip.dll
0x00007ff947ea0000 - 0x00007ff9492d6000 	C:\WINDOWS\System32\SHELL32.dll
0x00007ff947c60000 - 0x00007ff947d06000 	C:\WINDOWS\System32\shcore.dll
0x00007ff946030000 - 0x00007ff946777000 	C:\WINDOWS\System32\windows.storage.dll
0x00007ff947360000 - 0x00007ff9473b1000 	C:\WINDOWS\System32\shlwapi.dll
0x00007ff945fc0000 - 0x00007ff945fd1000 	C:\WINDOWS\System32\kernel.appcore.dll
0x00007ff945fe0000 - 0x00007ff94602c000 	C:\WINDOWS\System32\powrprof.dll
0x00007ff945fa0000 - 0x00007ff945fbb000 	C:\WINDOWS\System32\profapi.dll
0x00007ff937e30000 - 0x00007ff937e4a000 	C:\Program Files\Android\Android Studio\jre\jre\bin\net.dll
0x00007ff945810000 - 0x00007ff945876000 	C:\WINDOWS\system32\mswsock.dll
0x00007ff937e10000 - 0x00007ff937e21000 	C:\Program Files\Android\Android Studio\jre\jre\bin\nio.dll
0x00007ff92ee70000 - 0x00007ff92ee8e000 	D:\systems\.gradle\native\25\windows-amd64\native-platform.dll
0x00007ff941a30000 - 0x00007ff941a3d000 	C:\Program Files\Android\Android Studio\jre\jre\bin\management.dll
0x00007ff9459d0000 - 0x00007ff9459e7000 	C:\WINDOWS\SYSTEM32\CRYPTSP.dll
0x00007ff945420000 - 0x00007ff945453000 	C:\WINDOWS\system32\rsaenh.dll
0x00007ff945ae0000 - 0x00007ff945b05000 	C:\WINDOWS\SYSTEM32\bcrypt.dll
0x00007ff945e80000 - 0x00007ff945ea9000 	C:\WINDOWS\SYSTEM32\USERENV.dll
0x00007ff9459f0000 - 0x00007ff9459fb000 	C:\WINDOWS\SYSTEM32\CRYPTBASE.dll
0x00007ff9455a0000 - 0x00007ff9455d9000 	C:\WINDOWS\SYSTEM32\IPHLPAPI.DLL
0x00007ff949370000 - 0x00007ff949378000 	C:\WINDOWS\System32\NSI.dll
0x00007ff93f400000 - 0x00007ff93f416000 	C:\WINDOWS\SYSTEM32\dhcpcsvc6.DLL
0x00007ff93f3e0000 - 0x00007ff93f3fa000 	C:\WINDOWS\SYSTEM32\dhcpcsvc.DLL

VM Arguments:
jvm_args: -Xmx1536m -Dfile.encoding=x-windows-874 -Duser.country=US -Duser.language=en -Duser.variant 
java_command: org.gradle.launcher.daemon.bootstrap.GradleDaemon 4.1
java_class_path (initial): D:\systems\.gradle\wrapper\dists\gradle-4.1-all\bzyivzo6n839fup2jbap0tjew\gradle-4.1\lib\gradle-launcher-4.1.jar
Launcher Type: SUN_STANDARD

Environment Variables:
JAVA_HOME=C:\Program Files\Java\jdk1.8.0_144
PATH=C:\Python3\;C:\Python3\Scripts;C:\WinAVR-20100110\bin;C:\WinAVR-20100110\utils\bin;C:\ProgramData\Oracle\Java\javapath;C:\WINDOWS\system32;C:\WINDOWS;C:\WINDOWS\System32\Wbem;C:\WINDOWS\System32\WindowsPowerShell\v1.0\;C:\Program Files\MATLAB\R2014a\runtime\win64;C:\Program Files\MATLAB\R2014a\bin;C:\Program Files\MATLAB\R2014a\polyspace\bin;C:\Program Files (x86)\Microsoft SQL Server\100\Tools\Binn\;C:\Program Files\Microsoft SQL Server\100\Tools\Binn\;C:\Program Files\Microsoft SQL Server\100\DTS\Binn\;C:\Program Files\Java\jdk1.8.0_144\bin;C:\Program Files (x86)\VideoLAN\VLC;C:\cygwin64\bin;C:\Program Files\node;C:\Program Files\node\node_modules\npm\bin;C:\Program Files\Git\cmd;C:\Program Files\Docker Toolbox;C:\Program Files\nodejs\;C:\Users\%USERSNAME%\AppData\Roaming\npm;C:\Users\5635512069\AppData\Local\Microsoft\WindowsApps;
USERNAME=5635512069
OS=Windows_NT
PROCESSOR_IDENTIFIER=Intel64 Family 6 Model 60 Stepping 3, GenuineIntel



---------------  S Y S T E M  ---------------

OS: Windows 10.0 , 64 bit Build 16299 (10.0.16299.15)

CPU:total 8 (initial active 8) (4 cores per cpu, 2 threads per core) family 6 model 60 stepping 3, cmov, cx8, fxsr, mmx, sse, sse2, sse3, ssse3, sse4.1, sse4.2, popcnt, avx, avx2, clmul, erms, lzcnt, ht, tsc, tscinvbit, bmi1, bmi2

Memory: 4k page, physical 8261332k(1962084k free), swap 8261332k(420k free)

vm_info: OpenJDK 64-Bit Server VM (25.152-b01) for windows-amd64 JRE (1.8.0_152-release-915-b01), built by "builder" with MS VC++ 10.0 (VS2010)

time: Fri Jan 19 13:57:41 2018
elapsed time: 10330 seconds (0d 2h 52m 10s)

