#
# There is insufficient memory for the Java Runtime Environment to continue.
# Native memory allocation (malloc) failed to allocate 1052976 bytes for Chunk::new
# Possible reasons:
#   The system is out of physical RAM or swap space
#   In 32 bit mode, the process size limit was hit
# Possible solutions:
#   Reduce memory load on the system
#   Increase physical memory or swap space
#   Check if swap backing store is full
#   Use 64 bit Java on a 64 bit OS
#   Decrease Java heap size (-Xmx/-Xms)
#   Decrease number of Java threads
#   Decrease Java thread stack sizes (-Xss)
#   Set larger code cache with -XX:ReservedCodeCacheSize=
# This output file may be truncated or incomplete.
#
#  Out of Memory Error (allocation.cpp:390), pid=9892, tid=0x0000000000002318
#
# JRE version: OpenJDK Runtime Environment (8.0_152-b01) (build 1.8.0_152-release-915-b01)
# Java VM: OpenJDK 64-Bit Server VM (25.152-b01 mixed mode windows-amd64 compressed oops)
# Failed to write core dump. Minidumps are not enabled by default on client versions of Windows
#

---------------  T H R E A D  ---------------

Current thread (0x000000001898a000):  JavaThread "C2 CompilerThread2" daemon [_thread_in_native, id=8984, stack(0x000000001b270000,0x000000001b370000)]

Stack: [0x000000001b270000,0x000000001b370000]
[error occurred during error reporting (printing stack bounds), id 0xc0000005]

Native frames: (J=compiled Java code, j=interpreted, Vv=VM code, C=native code)


Current CompileTask:
C2:  15630 10881   !   4       com.android.dx.cf.code.BytecodeArray::parseInstruction (2796 bytes)


---------------  P R O C E S S  ---------------

Java Threads: ( => current thread )
  0x000000001d84f000 JavaThread "ForkJoinPool.commonPool-worker-0" daemon [_thread_in_vm, id=4636, stack(0x000000002a000000,0x000000002a100000)]
  0x000000001d852000 JavaThread "ForkJoinPool.commonPool-worker-7" daemon [_thread_in_Java, id=2112, stack(0x0000000029f00000,0x000000002a000000)]
  0x000000001f64c800 JavaThread "ForkJoinPool.commonPool-worker-6" daemon [_thread_in_native, id=5676, stack(0x0000000029e00000,0x0000000029f00000)]
  0x000000001da79000 JavaThread "ForkJoinPool.commonPool-worker-5" daemon [_thread_blocked, id=9288, stack(0x0000000029d00000,0x0000000029e00000)]
  0x000000001da78800 JavaThread "ForkJoinPool.commonPool-worker-4" daemon [_thread_in_Java, id=8048, stack(0x0000000029c00000,0x0000000029d00000)]
  0x000000001da77800 JavaThread "ForkJoinPool.commonPool-worker-3" daemon [_thread_blocked, id=9164, stack(0x0000000029b00000,0x0000000029c00000)]
  0x000000001da70000 JavaThread "ForkJoinPool.commonPool-worker-2" daemon [_thread_in_Java, id=3304, stack(0x0000000029a00000,0x0000000029b00000)]
  0x000000001da77000 JavaThread "ForkJoinPool.commonPool-worker-1" daemon [_thread_in_vm, id=8772, stack(0x0000000029900000,0x0000000029a00000)]
  0x000000001da75800 JavaThread "Task worker for ':' Thread 7" [_thread_blocked, id=9844, stack(0x0000000027890000,0x0000000027990000)]
  0x000000001da6e000 JavaThread "Task worker for ':' Thread 6" [_thread_blocked, id=3896, stack(0x0000000027790000,0x0000000027890000)]
  0x000000001da74800 JavaThread "Task worker for ':' Thread 5" [_thread_blocked, id=5748, stack(0x0000000027690000,0x0000000027790000)]
  0x000000001da72800 JavaThread "Task worker for ':' Thread 4" [_thread_blocked, id=2492, stack(0x0000000027590000,0x0000000027690000)]
  0x000000001da71800 JavaThread "Task worker for ':' Thread 3" [_thread_blocked, id=5400, stack(0x0000000027490000,0x0000000027590000)]
  0x000000001da71000 JavaThread "Task worker for ':' Thread 2" [_thread_blocked, id=6532, stack(0x0000000027390000,0x0000000027490000)]
  0x000000001da74000 JavaThread "Task worker for ':'" [_thread_blocked, id=7476, stack(0x0000000027290000,0x0000000027390000)]
  0x000000001da73000 JavaThread "Cache worker for task history cache (D:\android\androidExample\AppTest2\.gradle\4.1\taskHistory)" [_thread_blocked, id=9804, stack(0x0000000026950000,0x0000000026a50000)]
  0x000000001da6b000 JavaThread "Cache worker for file content cache (D:\android\androidExample\AppTest2\.gradle\4.1\fileContent)" [_thread_blocked, id=7232, stack(0x0000000025450000,0x0000000025550000)]
  0x000000001da6d000 JavaThread "Memory manager" [_thread_blocked, id=4828, stack(0x0000000025150000,0x0000000025250000)]
  0x000000001da6b800 JavaThread "build operations Thread 8" [_thread_blocked, id=4472, stack(0x0000000024c50000,0x0000000024d50000)]
  0x000000001da6e800 JavaThread "build operations Thread 7" [_thread_blocked, id=8032, stack(0x0000000024b50000,0x0000000024c50000)]
  0x000000001da6c800 JavaThread "build operations Thread 6" [_thread_blocked, id=5352, stack(0x0000000024a50000,0x0000000024b50000)]
  0x000000001f647000 JavaThread "build operations Thread 5" [_thread_blocked, id=1900, stack(0x0000000024950000,0x0000000024a50000)]
  0x000000001f64b000 JavaThread "build operations Thread 4" [_thread_blocked, id=5204, stack(0x0000000024850000,0x0000000024950000)]
  0x000000001f64a000 JavaThread "build operations Thread 3" [_thread_blocked, id=4004, stack(0x0000000023290000,0x0000000023390000)]
  0x000000001f64e000 JavaThread "build operations Thread 2" [_thread_blocked, id=8084, stack(0x0000000022eb0000,0x0000000022fb0000)]
  0x000000001f64d000 JavaThread "build operations" [_thread_blocked, id=4736, stack(0x0000000021970000,0x0000000021a70000)]
  0x000000001f649800 JavaThread "Cache worker for Artifact transforms cache (D:\systems\.gradle\caches\transforms-1)" [_thread_blocked, id=9676, stack(0x0000000021630000,0x0000000021730000)]
  0x000000001cbe2800 JavaThread "Cache worker for file hash cache (D:\android\androidExample\AppTest2\.gradle\4.1\fileHashes)" [_thread_blocked, id=2896, stack(0x000000001f390000,0x000000001f490000)]
  0x000000001c65b800 JavaThread "File lock request listener" [_thread_in_native, id=1524, stack(0x000000001f090000,0x000000001f190000)]
  0x000000001c4d2800 JavaThread "Cache worker for file hash cache (D:\systems\.gradle\caches\4.1\fileHashes)" [_thread_blocked, id=6788, stack(0x000000001ef90000,0x000000001f090000)]
  0x000000001c5e5000 JavaThread "Stdin handler" [_thread_blocked, id=9324, stack(0x000000001ed90000,0x000000001ee90000)]
  0x000000001c5dc000 JavaThread "Asynchronous log dispatcher for DefaultDaemonConnection: socket connection from /127.0.0.1:6315 to /127.0.0.1:6317" [_thread_blocked, id=7964, stack(0x000000001ec90000,0x000000001ed90000)]
  0x000000001c4d5800 JavaThread "Daemon worker" [_thread_blocked, id=2392, stack(0x000000001eb90000,0x000000001ec90000)]
  0x000000001c7b0800 JavaThread "Cancel handler" [_thread_blocked, id=7416, stack(0x000000001ea90000,0x000000001eb90000)]
  0x000000001c57a000 JavaThread "Handler for socket connection from /127.0.0.1:6315 to /127.0.0.1:6317" [_thread_in_native, id=8148, stack(0x000000001e790000,0x000000001e890000)]
  0x000000001c579800 JavaThread "Daemon" [_thread_blocked, id=9304, stack(0x000000001e690000,0x000000001e790000)]
  0x000000001c5cb000 JavaThread "Daemon periodic checks" [_thread_blocked, id=9088, stack(0x000000001e590000,0x000000001e690000)]
  0x000000001c1c1800 JavaThread "Incoming local TCP Connector on port 6315" [_thread_in_native, id=9100, stack(0x000000001e350000,0x000000001e450000)]
  0x000000001a95c800 JavaThread "Service Thread" daemon [_thread_blocked, id=2444, stack(0x000000001b470000,0x000000001b570000)]
  0x000000001898d800 JavaThread "C1 CompilerThread3" daemon [_thread_blocked, id=9672, stack(0x000000001b370000,0x000000001b470000)]
=>0x000000001898a000 JavaThread "C2 CompilerThread2" daemon [_thread_in_native, id=8984, stack(0x000000001b270000,0x000000001b370000)]
  0x000000001a88c000 JavaThread "C2 CompilerThread1" daemon [_thread_in_native, id=9956, stack(0x000000001b170000,0x000000001b270000)]
  0x000000001a88a000 JavaThread "C2 CompilerThread0" daemon [_thread_in_native, id=3948, stack(0x000000001b070000,0x000000001b170000)]
  0x000000001a884800 JavaThread "Attach Listener" daemon [_thread_blocked, id=8044, stack(0x000000001af70000,0x000000001b070000)]
  0x000000001a883800 JavaThread "Signal Dispatcher" daemon [_thread_blocked, id=8128, stack(0x000000001ae70000,0x000000001af70000)]
  0x000000001a870800 JavaThread "Finalizer" daemon [_thread_blocked, id=4084, stack(0x000000001ac50000,0x000000001ad50000)]
  0x0000000004bb8000 JavaThread "Reference Handler" daemon [_thread_blocked, id=9464, stack(0x000000001a750000,0x000000001a850000)]
  0x0000000002dfe800 JavaThread "main" [_thread_blocked, id=3992, stack(0x0000000004980000,0x0000000004a80000)]

Other Threads:
  0x0000000018975800 VMThread [stack: 0x000000001a650000,0x000000001a750000] [id=5380]
  0x000000001898e800 WatcherThread [stack: 0x000000001b570000,0x000000001b670000] [id=7508]

VM state:not at safepoint (normal execution)

VM Mutex/Monitor currently owned by a thread: None

Heap:
 PSYoungGen      total 313344K, used 175611K [0x00000000e0000000, 0x00000000f5a00000, 0x0000000100000000)
  eden space 291840K, 52% used [0x00000000e0000000,0x00000000e9682b10,0x00000000f1d00000)
  from space 21504K, 99% used [0x00000000f3500000,0x00000000f49fc1b8,0x00000000f4a00000)
  to   space 24576K, 0% used [0x00000000f1d00000,0x00000000f1d00000,0x00000000f3500000)
 ParOldGen       total 159232K, used 32152K [0x00000000a0000000, 0x00000000a9b80000, 0x00000000e0000000)
  object space 159232K, 20% used [0x00000000a0000000,0x00000000a1f660d0,0x00000000a9b80000)
 Metaspace       used 60362K, capacity 62508K, committed 62680K, reserved 1103872K
  class space    used 7924K, capacity 8427K, committed 8448K, reserved 1048576K

Card table byte_map: [0x0000000013f80000,0x0000000014290000] byte_map_base: 0x0000000013a80000

Marking Bits: (ParMarkBitMap*) 0x00000000562f3950
 Begin Bits: [0x0000000014c90000, 0x0000000016490000)
 End Bits:   [0x0000000016490000, 0x0000000017c90000)

Polling page: 0x0000000002de0000

CodeCache: size=245760Kb used=32097Kb max_used=32097Kb free=213662Kb
 bounds [0x0000000004bc0000, 0x0000000006b40000, 0x0000000013bc0000]
 total_blobs=10156 nmethods=9384 adapters=684
 compilation: enabled

Compilation events (10 events):
Event: 15.602 Thread 0x000000001898d800 10956       1       com.android.dx.rop.code.Insn$BaseVisitor::visitThrowingInsn (1 bytes)
Event: 15.602 Thread 0x000000001898d800 nmethod 10956 0x0000000006aec950 code [0x0000000006aecaa0, 0x0000000006aecbb0]
Event: 15.608 Thread 0x000000001898d800 10957       2       com.android.dx.dex.file.FieldAnnotationStruct::compareTo (9 bytes)
Event: 15.609 Thread 0x000000001898d800 nmethod 10957 0x0000000006a9e610 code [0x0000000006a9e780, 0x0000000006a9e928]
Event: 15.609 Thread 0x000000001898d800 10958       2       com.android.dx.dex.file.FieldAnnotationStruct::compareTo (12 bytes)
Event: 15.609 Thread 0x000000001898d800 nmethod 10958 0x0000000006b35250 code [0x0000000006b353e0, 0x0000000006b35678]
Event: 15.609 Thread 0x000000001898d800 10959       2       com.android.dx.dex.file.FieldAnnotationStruct::writeTo (137 bytes)
Event: 15.610 Thread 0x000000001898d800 nmethod 10959 0x0000000006b35910 code [0x0000000006b35bc0, 0x0000000006b36698]
Event: 15.618 Thread 0x000000001898d800 10961 %     3       java.util.HashMap$TreeNode::find @ 3 (172 bytes)
Event: 15.619 Thread 0x000000001898d800 nmethod 10961% 0x0000000006b37010 code [0x0000000006b37200, 0x0000000006b37db8]

GC Heap History (10 events):
Event: 13.820 GC heap before
{Heap before GC invocations=15 (full 3):
 PSYoungGen      total 173056K, used 154112K [0x00000000e0000000, 0x00000000ed900000, 0x0000000100000000)
  eden space 154112K, 100% used [0x00000000e0000000,0x00000000e9680000,0x00000000e9680000)
  from space 18944K, 0% used [0x00000000e9680000,0x00000000e9680000,0x00000000ea900000)
  to   space 20992K, 0% used [0x00000000ec480000,0x00000000ec480000,0x00000000ed900000)
 ParOldGen       total 159232K, used 31832K [0x00000000a0000000, 0x00000000a9b80000, 0x00000000e0000000)
  object space 159232K, 19% used [0x00000000a0000000,0x00000000a1f160d0,0x00000000a9b80000)
 Metaspace       used 59781K, capacity 61920K, committed 62168K, reserved 1103872K
  class space    used 7923K, capacity 8427K, committed 8448K, reserved 1048576K
Event: 13.834 GC heap after
Heap after GC invocations=15 (full 3):
 PSYoungGen      total 201216K, used 11035K [0x00000000e0000000, 0x00000000ed800000, 0x0000000100000000)
  eden space 181248K, 0% used [0x00000000e0000000,0x00000000e0000000,0x00000000eb100000)
  from space 19968K, 55% used [0x00000000ec480000,0x00000000ecf46da0,0x00000000ed800000)
  to   space 19968K, 0% used [0x00000000eb100000,0x00000000eb100000,0x00000000ec480000)
 ParOldGen       total 159232K, used 31840K [0x00000000a0000000, 0x00000000a9b80000, 0x00000000e0000000)
  object space 159232K, 19% used [0x00000000a0000000,0x00000000a1f180d0,0x00000000a9b80000)
 Metaspace       used 59781K, capacity 61920K, committed 62168K, reserved 1103872K
  class space    used 7923K, capacity 8427K, committed 8448K, reserved 1048576K
}
Event: 14.352 GC heap before
{Heap before GC invocations=16 (full 3):
 PSYoungGen      total 201216K, used 192283K [0x00000000e0000000, 0x00000000ed800000, 0x0000000100000000)
  eden space 181248K, 100% used [0x00000000e0000000,0x00000000eb100000,0x00000000eb100000)
  from space 19968K, 55% used [0x00000000ec480000,0x00000000ecf46da0,0x00000000ed800000)
  to   space 19968K, 0% used [0x00000000eb100000,0x00000000eb100000,0x00000000ec480000)
 ParOldGen       total 159232K, used 31840K [0x00000000a0000000, 0x00000000a9b80000, 0x00000000e0000000)
  object space 159232K, 19% used [0x00000000a0000000,0x00000000a1f180d0,0x00000000a9b80000)
 Metaspace       used 60150K, capacity 62308K, committed 62424K, reserved 1103872K
  class space    used 7923K, capacity 8427K, committed 8448K, reserved 1048576K
Event: 14.368 GC heap after
Heap after GC invocations=16 (full 3):
 PSYoungGen      total 201216K, used 13232K [0x00000000e0000000, 0x00000000f0000000, 0x0000000100000000)
  eden space 181248K, 0% used [0x00000000e0000000,0x00000000e0000000,0x00000000eb100000)
  from space 19968K, 66% used [0x00000000eb100000,0x00000000ebdec198,0x00000000ec480000)
  to   space 19968K, 0% used [0x00000000eec80000,0x00000000eec80000,0x00000000f0000000)
 ParOldGen       total 159232K, used 31856K [0x00000000a0000000, 0x00000000a9b80000, 0x00000000e0000000)
  object space 159232K, 20% used [0x00000000a0000000,0x00000000a1f1c0d0,0x00000000a9b80000)
 Metaspace       used 60150K, capacity 62308K, committed 62424K, reserved 1103872K
  class space    used 7923K, capacity 8427K, committed 8448K, reserved 1048576K
}
Event: 14.681 GC heap before
{Heap before GC invocations=17 (full 3):
 PSYoungGen      total 201216K, used 194480K [0x00000000e0000000, 0x00000000f0000000, 0x0000000100000000)
  eden space 181248K, 100% used [0x00000000e0000000,0x00000000eb100000,0x00000000eb100000)
  from space 19968K, 66% used [0x00000000eb100000,0x00000000ebdec198,0x00000000ec480000)
  to   space 19968K, 0% used [0x00000000eec80000,0x00000000eec80000,0x00000000f0000000)
 ParOldGen       total 159232K, used 31856K [0x00000000a0000000, 0x00000000a9b80000, 0x00000000e0000000)
  object space 159232K, 20% used [0x00000000a0000000,0x00000000a1f1c0d0,0x00000000a9b80000)
 Metaspace       used 60315K, capacity 62508K, committed 62680K, reserved 1103872K
  class space    used 7923K, capacity 8427K, committed 8448K, reserved 1048576K
Event: 14.692 GC heap after
Heap after GC invocations=17 (full 3):
 PSYoungGen      total 242176K, used 13008K [0x00000000e0000000, 0x00000000f0800000, 0x0000000100000000)
  eden space 222208K, 0% used [0x00000000e0000000,0x00000000e0000000,0x00000000ed900000)
  from space 19968K, 65% used [0x00000000eec80000,0x00000000ef9341d8,0x00000000f0000000)
  to   space 19968K, 0% used [0x00000000ed900000,0x00000000ed900000,0x00000000eec80000)
 ParOldGen       total 159232K, used 31864K [0x00000000a0000000, 0x00000000a9b80000, 0x00000000e0000000)
  object space 159232K, 20% used [0x00000000a0000000,0x00000000a1f1e0d0,0x00000000a9b80000)
 Metaspace       used 60315K, capacity 62508K, committed 62680K, reserved 1103872K
  class space    used 7923K, capacity 8427K, committed 8448K, reserved 1048576K
}
Event: 15.014 GC heap before
{Heap before GC invocations=18 (full 3):
 PSYoungGen      total 242176K, used 235216K [0x00000000e0000000, 0x00000000f0800000, 0x0000000100000000)
  eden space 222208K, 100% used [0x00000000e0000000,0x00000000ed900000,0x00000000ed900000)
  from space 19968K, 65% used [0x00000000eec80000,0x00000000ef9341d8,0x00000000f0000000)
  to   space 19968K, 0% used [0x00000000ed900000,0x00000000ed900000,0x00000000eec80000)
 ParOldGen       total 159232K, used 31864K [0x00000000a0000000, 0x00000000a9b80000, 0x00000000e0000000)
  object space 159232K, 20% used [0x00000000a0000000,0x00000000a1f1e0d0,0x00000000a9b80000)
 Metaspace       used 60344K, capacity 62508K, committed 62680K, reserved 1103872K
  class space    used 7923K, capacity 8427K, committed 8448K, reserved 1048576K
Event: 15.032 GC heap after
Heap after GC invocations=18 (full 3):
 PSYoungGen      total 242176K, used 18360K [0x00000000e0000000, 0x00000000f4a00000, 0x0000000100000000)
  eden space 222208K, 0% used [0x00000000e0000000,0x00000000e0000000,0x00000000ed900000)
  from space 19968K, 91% used [0x00000000ed900000,0x00000000eeaee188,0x00000000eec80000)
  to   space 21504K, 0% used [0x00000000f3500000,0x00000000f3500000,0x00000000f4a00000)
 ParOldGen       total 159232K, used 31872K [0x00000000a0000000, 0x00000000a9b80000, 0x00000000e0000000)
  object space 159232K, 20% used [0x00000000a0000000,0x00000000a1f200d0,0x00000000a9b80000)
 Metaspace       used 60344K, capacity 62508K, committed 62680K, reserved 1103872K
  class space    used 7923K, capacity 8427K, committed 8448K, reserved 1048576K
}
Event: 15.351 GC heap before
{Heap before GC invocations=19 (full 3):
 PSYoungGen      total 242176K, used 240568K [0x00000000e0000000, 0x00000000f4a00000, 0x0000000100000000)
  eden space 222208K, 100% used [0x00000000e0000000,0x00000000ed900000,0x00000000ed900000)
  from space 19968K, 91% used [0x00000000ed900000,0x00000000eeaee188,0x00000000eec80000)
  to   space 21504K, 0% used [0x00000000f3500000,0x00000000f3500000,0x00000000f4a00000)
 ParOldGen       total 159232K, used 31872K [0x00000000a0000000, 0x00000000a9b80000, 0x00000000e0000000)
  object space 159232K, 20% used [0x00000000a0000000,0x00000000a1f200d0,0x00000000a9b80000)
 Metaspace       used 60355K, capacity 62508K, committed 62680K, reserved 1103872K
  class space    used 7923K, capacity 8427K, committed 8448K, reserved 1048576K
Event: 15.375 GC heap after
Heap after GC invocations=19 (full 3):
 PSYoungGen      total 313344K, used 21488K [0x00000000e0000000, 0x00000000f5a00000, 0x0000000100000000)
  eden space 291840K, 0% used [0x00000000e0000000,0x00000000e0000000,0x00000000f1d00000)
  from space 21504K, 99% used [0x00000000f3500000,0x00000000f49fc1b8,0x00000000f4a00000)
  to   space 24576K, 0% used [0x00000000f1d00000,0x00000000f1d00000,0x00000000f3500000)
 ParOldGen       total 159232K, used 32152K [0x00000000a0000000, 0x00000000a9b80000, 0x00000000e0000000)
  object space 159232K, 20% used [0x00000000a0000000,0x00000000a1f660d0,0x00000000a9b80000)
 Metaspace       used 60355K, capacity 62508K, committed 62680K, reserved 1103872K
  class space    used 7923K, capacity 8427K, committed 8448K, reserved 1048576K
}

Deoptimization events (10 events):
Event: 15.061 Thread 0x000000001d852000 Uncommon trap: reason=unstable_if action=reinterpret pc=0x0000000006a53b20 method=com.android.dx.ssa.SCCP.simulateBranch(Lcom/android/dx/ssa/SsaInsn;)V @ 334
Event: 15.061 Thread 0x000000001d852000 Uncommon trap: reason=unstable_if action=reinterpret pc=0x0000000006472cac method=com.android.dx.ssa.SCCP.simulateStmt(Lcom/android/dx/ssa/SsaInsn;)V @ 435
Event: 15.193 Thread 0x000000001da70000 Uncommon trap: reason=unstable_if action=reinterpret pc=0x0000000006a77424 method=com.android.dx.ssa.SsaMethod.getExitBlock()Lcom/android/dx/ssa/SsaBasicBlock; @ 4
Event: 15.193 Thread 0x000000001da70000 Uncommon trap: reason=unstable_if action=reinterpret pc=0x0000000006386b34 method=com.android.dx.ssa.SsaMethod.getExitBlock()Lcom/android/dx/ssa/SsaBasicBlock; @ 4
Event: 15.207 Thread 0x000000001d852000 Uncommon trap: reason=bimorphic action=maybe_recompile pc=0x0000000006a27330 method=com.android.dx.cf.code.BytecodeArray.parseInstruction(ILcom/android/dx/cf/code/BytecodeArray$Visitor;)I @ 1161
Event: 15.208 Thread 0x000000001d852000 Uncommon trap: reason=bimorphic action=maybe_recompile pc=0x0000000006a27330 method=com.android.dx.cf.code.BytecodeArray.parseInstruction(ILcom/android/dx/cf/code/BytecodeArray$Visitor;)I @ 1161
Event: 15.381 Thread 0x000000001d852000 Uncommon trap: reason=unstable_if action=reinterpret pc=0x00000000053f4f1c method=java.util.HashMap.getNode(ILjava/lang/Object;)Ljava/util/HashMap$Node; @ 84
Event: 15.489 Thread 0x000000001da78800 Uncommon trap: reason=unstable_if action=reinterpret pc=0x00000000063d89c4 method=com.android.dx.rop.code.RegisterSpecSet.<init>(I)V @ 2
Event: 15.493 Thread 0x000000001da78800 Uncommon trap: reason=unstable_if action=reinterpret pc=0x0000000006aab9b8 method=com.android.dx.rop.code.RegisterSpecSet.<init>(I)V @ 2
Event: 15.593 Thread 0x000000001f64c800 Uncommon trap: reason=unstable_if action=reinterpret pc=0x00000000060c9810 method=com.android.apkzlib.zip.ZFile.directFullyRead(JLjava/nio/ByteBuffer;)V @ 21

Classes redefined (0 events):
No events

Internal exceptions (10 events):
Event: 15.172 Thread 0x000000001d84f000 Exception <a 'sun/nio/fs/WindowsException'> (0x00000000e5ea5dd0) thrown at [D:\src\AOSP-openjdk-cygwin\jdk8u\hotspot\src\share\vm\prims\jni.cpp, line 709]
Event: 15.178 Thread 0x000000001f64c800 Exception <a 'sun/nio/fs/WindowsException'> (0x00000000e6340cf8) thrown at [D:\src\AOSP-openjdk-cygwin\jdk8u\hotspot\src\share\vm\prims\jni.cpp, line 709]
Event: 15.202 Thread 0x000000001d852000 Exception <a 'sun/nio/fs/WindowsException'> (0x00000000e7279170) thrown at [D:\src\AOSP-openjdk-cygwin\jdk8u\hotspot\src\share\vm\prims\jni.cpp, line 709]
Event: 15.226 Thread 0x000000001da77800 Exception <a 'sun/nio/fs/WindowsException'> (0x00000000e87e4188) thrown at [D:\src\AOSP-openjdk-cygwin\jdk8u\hotspot\src\share\vm\prims\jni.cpp, line 709]
Event: 15.235 Thread 0x000000001da70000 Exception <a 'sun/nio/fs/WindowsException'> (0x00000000e815d660) thrown at [D:\src\AOSP-openjdk-cygwin\jdk8u\hotspot\src\share\vm\prims\jni.cpp, line 709]
Event: 15.341 Thread 0x000000001da78800 Exception <a 'sun/nio/fs/WindowsException'> (0x00000000ed313860) thrown at [D:\src\AOSP-openjdk-cygwin\jdk8u\hotspot\src\share\vm\prims\jni.cpp, line 709]
Event: 15.447 Thread 0x000000001da77000 Exception <a 'sun/nio/fs/WindowsException'> (0x00000000e26ad4c0) thrown at [D:\src\AOSP-openjdk-cygwin\jdk8u\hotspot\src\share\vm\prims\jni.cpp, line 709]
Event: 15.456 Thread 0x000000001d852000 Exception <a 'sun/nio/fs/WindowsException'> (0x00000000e2c77540) thrown at [D:\src\AOSP-openjdk-cygwin\jdk8u\hotspot\src\share\vm\prims\jni.cpp, line 709]
Event: 15.597 Thread 0x000000001f64c800 Exception <a 'sun/nio/fs/WindowsException'> (0x00000000e62df428) thrown at [D:\src\AOSP-openjdk-cygwin\jdk8u\hotspot\src\share\vm\prims\jni.cpp, line 709]
Event: 15.616 Thread 0x000000001f64c800 Exception <a 'sun/nio/fs/WindowsException'> (0x00000000e8bbe5b8) thrown at [D:\src\AOSP-openjdk-cygwin\jdk8u\hotspot\src\share\vm\prims\jni.cpp, line 709]

Events (10 events):
Event: 15.593 Thread 0x000000001f64c800 DEOPT PACKING pc=0x00000000060c9810 sp=0x0000000029efe3a0
Event: 15.593 Thread 0x000000001f64c800 DEOPT UNPACKING pc=0x0000000004c0556a sp=0x0000000029efe408 mode 2
Event: 15.599 Thread 0x000000001d852000 DEOPT PACKING pc=0x000000000649fa2d sp=0x0000000029ffe780
Event: 15.599 Thread 0x000000001d852000 DEOPT UNPACKING pc=0x0000000004c075bf sp=0x0000000029ffe518 mode 0
Event: 15.602 loading class com/android/dx/cf/attrib/AttAnnotationDefault
Event: 15.602 loading class com/android/dx/cf/attrib/AttAnnotationDefault done
Event: 15.617 Thread 0x000000001da79000 DEOPT PACKING pc=0x000000000649fa2d sp=0x0000000029dfe4b0
Event: 15.617 Thread 0x000000001da79000 DEOPT UNPACKING pc=0x0000000004c075bf sp=0x0000000029dfe248 mode 0
Event: 15.625 Thread 0x000000001d852000 DEOPT PACKING pc=0x000000000649fa2d sp=0x0000000029ffe780
Event: 15.625 Thread 0x000000001d852000 DEOPT UNPACKING pc=0x0000000004c075bf sp=0x0000000029ffe518 mode 0


Dynamic libraries:
0x00007ff75f4d0000 - 0x00007ff75f501000 	C:\Program Files\Android\Android Studio\jre\bin\java.exe
0x00007ff949c30000 - 0x00007ff949e10000 	C:\WINDOWS\SYSTEM32\ntdll.dll
0x00007ff947530000 - 0x00007ff9475de000 	C:\WINDOWS\System32\KERNEL32.DLL
0x00007ff946c50000 - 0x00007ff946eb6000 	C:\WINDOWS\System32\KERNELBASE.dll
0x00007ff947760000 - 0x00007ff947801000 	C:\WINDOWS\System32\ADVAPI32.dll
0x00007ff9473c0000 - 0x00007ff94745d000 	C:\WINDOWS\System32\msvcrt.dll
0x00007ff949810000 - 0x00007ff94986b000 	C:\WINDOWS\System32\sechost.dll
0x00007ff947d80000 - 0x00007ff947e9f000 	C:\WINDOWS\System32\RPCRT4.dll
0x00007ff949870000 - 0x00007ff9499ff000 	C:\WINDOWS\System32\USER32.dll
0x00007ff9470e0000 - 0x00007ff947100000 	C:\WINDOWS\System32\win32u.dll
0x00007ff949380000 - 0x00007ff9493a8000 	C:\WINDOWS\System32\GDI32.dll
0x00007ff946780000 - 0x00007ff946913000 	C:\WINDOWS\System32\gdi32full.dll
0x00007ff946b00000 - 0x00007ff946b9b000 	C:\WINDOWS\System32\msvcp_win.dll
0x00007ff946920000 - 0x00007ff946a16000 	C:\WINDOWS\System32\ucrtbase.dll
0x00007ff929840000 - 0x00007ff929aa9000 	C:\WINDOWS\WinSxS\amd64_microsoft.windows.common-controls_6595b64144ccf1df_6.0.16299.125_none_15cbcf8893620c09\COMCTL32.dll
0x00007ff949500000 - 0x00007ff949808000 	C:\WINDOWS\System32\combase.dll
0x00007ff946a20000 - 0x00007ff946a92000 	C:\WINDOWS\System32\bcryptPrimitives.dll
0x00007ff9492e0000 - 0x00007ff94930d000 	C:\WINDOWS\System32\IMM32.DLL
0x0000000056800000 - 0x00000000568d2000 	C:\Program Files\Android\Android Studio\jre\jre\bin\msvcr100.dll
0x0000000055b30000 - 0x000000005636e000 	C:\Program Files\Android\Android Studio\jre\jre\bin\server\jvm.dll
0x00007ff949a00000 - 0x00007ff949a08000 	C:\WINDOWS\System32\PSAPI.DLL
0x00007ff93b150000 - 0x00007ff93b159000 	C:\WINDOWS\SYSTEM32\WSOCK32.dll
0x00007ff93b780000 - 0x00007ff93b78a000 	C:\WINDOWS\SYSTEM32\VERSION.dll
0x00007ff93b1e0000 - 0x00007ff93b203000 	C:\WINDOWS\SYSTEM32\WINMM.dll
0x00007ff947d10000 - 0x00007ff947d7c000 	C:\WINDOWS\System32\WS2_32.dll
0x00007ff93b160000 - 0x00007ff93b18a000 	C:\WINDOWS\SYSTEM32\winmmbase.dll
0x00007ff946ec0000 - 0x00007ff946f0a000 	C:\WINDOWS\System32\cfgmgr32.dll
0x00007ff941a40000 - 0x00007ff941a4f000 	C:\Program Files\Android\Android Studio\jre\jre\bin\verify.dll
0x00007ff941950000 - 0x00007ff941979000 	C:\Program Files\Android\Android Studio\jre\jre\bin\java.dll
0x00007ff93bf20000 - 0x00007ff93bf36000 	C:\Program Files\Android\Android Studio\jre\jre\bin\zip.dll
0x00007ff947ea0000 - 0x00007ff9492d6000 	C:\WINDOWS\System32\SHELL32.dll
0x00007ff947c60000 - 0x00007ff947d06000 	C:\WINDOWS\System32\shcore.dll
0x00007ff946030000 - 0x00007ff946777000 	C:\WINDOWS\System32\windows.storage.dll
0x00007ff947360000 - 0x00007ff9473b1000 	C:\WINDOWS\System32\shlwapi.dll
0x00007ff945fc0000 - 0x00007ff945fd1000 	C:\WINDOWS\System32\kernel.appcore.dll
0x00007ff945fe0000 - 0x00007ff94602c000 	C:\WINDOWS\System32\powrprof.dll
0x00007ff945fa0000 - 0x00007ff945fbb000 	C:\WINDOWS\System32\profapi.dll
0x00007ff937e30000 - 0x00007ff937e4a000 	C:\Program Files\Android\Android Studio\jre\jre\bin\net.dll
0x00007ff945810000 - 0x00007ff945876000 	C:\WINDOWS\system32\mswsock.dll
0x00007ff937e10000 - 0x00007ff937e21000 	C:\Program Files\Android\Android Studio\jre\jre\bin\nio.dll
0x00007ff92ee70000 - 0x00007ff92ee8e000 	D:\systems\.gradle\native\25\windows-amd64\native-platform.dll
0x00007ff941a30000 - 0x00007ff941a3d000 	C:\Program Files\Android\Android Studio\jre\jre\bin\management.dll
0x00007ff9459d0000 - 0x00007ff9459e7000 	C:\WINDOWS\SYSTEM32\CRYPTSP.dll
0x00007ff945420000 - 0x00007ff945453000 	C:\WINDOWS\system32\rsaenh.dll
0x00007ff945ae0000 - 0x00007ff945b05000 	C:\WINDOWS\SYSTEM32\bcrypt.dll
0x00007ff945e80000 - 0x00007ff945ea9000 	C:\WINDOWS\SYSTEM32\USERENV.dll
0x00007ff9459f0000 - 0x00007ff9459fb000 	C:\WINDOWS\SYSTEM32\CRYPTBASE.dll
0x00007ff9455a0000 - 0x00007ff9455d9000 	C:\WINDOWS\SYSTEM32\IPHLPAPI.DLL
0x00007ff949370000 - 0x00007ff949378000 	C:\WINDOWS\System32\NSI.dll
0x00007ff93f400000 - 0x00007ff93f416000 	C:\WINDOWS\SYSTEM32\dhcpcsvc6.DLL
0x00007ff93f3e0000 - 0x00007ff93f3fa000 	C:\WINDOWS\SYSTEM32\dhcpcsvc.DLL

VM Arguments:
jvm_args: -Xmx1536m -Dfile.encoding=x-windows-874 -Duser.country=US -Duser.language=en -Duser.variant 
java_command: org.gradle.launcher.daemon.bootstrap.GradleDaemon 4.1
java_class_path (initial): D:\systems\.gradle\wrapper\dists\gradle-4.1-all\bzyivzo6n839fup2jbap0tjew\gradle-4.1\lib\gradle-launcher-4.1.jar
Launcher Type: SUN_STANDARD

Environment Variables:
JAVA_HOME=C:\Program Files\Java\jdk1.8.0_144
PATH=C:\Python3\;C:\Python3\Scripts;C:\WinAVR-20100110\bin;C:\WinAVR-20100110\utils\bin;C:\ProgramData\Oracle\Java\javapath;C:\WINDOWS\system32;C:\WINDOWS;C:\WINDOWS\System32\Wbem;C:\WINDOWS\System32\WindowsPowerShell\v1.0\;C:\Program Files\MATLAB\R2014a\runtime\win64;C:\Program Files\MATLAB\R2014a\bin;C:\Program Files\MATLAB\R2014a\polyspace\bin;C:\Program Files (x86)\Microsoft SQL Server\100\Tools\Binn\;C:\Program Files\Microsoft SQL Server\100\Tools\Binn\;C:\Program Files\Microsoft SQL Server\100\DTS\Binn\;C:\Program Files\Java\jdk1.8.0_144\bin;C:\Program Files (x86)\VideoLAN\VLC;C:\cygwin64\bin;C:\Program Files\node;C:\Program Files\node\node_modules\npm\bin;C:\Program Files\Git\cmd;C:\Program Files\Docker Toolbox;C:\Program Files\nodejs\;C:\Users\%USERSNAME%\AppData\Roaming\npm;C:\Users\5635512069\AppData\Local\Microsoft\WindowsApps;
USERNAME=5635512069
OS=Windows_NT
PROCESSOR_IDENTIFIER=Intel64 Family 6 Model 60 Stepping 3, GenuineIntel



---------------  S Y S T E M  ---------------

OS: Windows 10.0 , 64 bit Build 16299 (10.0.16299.15)

CPU:total 8 (initial active 8) (4 cores per cpu, 2 threads per core) family 6 model 60 stepping 3, cmov, cx8, fxsr, mmx, sse, sse2, sse3, ssse3, sse4.1, sse4.2, popcnt, avx, avx2, clmul, erms, lzcnt, ht, tsc, tscinvbit, bmi1, bmi2

Memory: 4k page, physical 8261332k(2083572k free), swap 8261332k(5272k free)

vm_info: OpenJDK 64-Bit Server VM (25.152-b01) for windows-amd64 JRE (1.8.0_152-release-915-b01), built by "builder" with MS VC++ 10.0 (VS2010)

time: Fri Jan 19 13:59:02 2018
elapsed time: 15 seconds (0d 0h 0m 15s)

