#
# There is insufficient memory for the Java Runtime Environment to continue.
# Native memory allocation (malloc) failed to allocate 2156912 bytes for Chunk::new
# Possible reasons:
#   The system is out of physical RAM or swap space
#   In 32 bit mode, the process size limit was hit
# Possible solutions:
#   Reduce memory load on the system
#   Increase physical memory or swap space
#   Check if swap backing store is full
#   Use 64 bit Java on a 64 bit OS
#   Decrease Java heap size (-Xmx/-Xms)
#   Decrease number of Java threads
#   Decrease Java thread stack sizes (-Xss)
#   Set larger code cache with -XX:ReservedCodeCacheSize=
# This output file may be truncated or incomplete.
#
#  Out of Memory Error (allocation.cpp:390), pid=2876, tid=0x0000000000001e60
#
# JRE version: OpenJDK Runtime Environment (8.0_152-b01) (build 1.8.0_152-release-915-b01)
# Java VM: OpenJDK 64-Bit Server VM (25.152-b01 mixed mode windows-amd64 compressed oops)
# Failed to write core dump. Minidumps are not enabled by default on client versions of Windows
#

---------------  T H R E A D  ---------------

Current thread (0x000000001a40a000):  JavaThread "C2 CompilerThread1" daemon [_thread_in_native, id=7776, stack(0x000000001acc0000,0x000000001adc0000)]

Stack: [0x000000001acc0000,0x000000001adc0000]
[error occurred during error reporting (printing stack bounds), id 0xc0000005]

Native frames: (J=compiled Java code, j=interpreted, Vv=VM code, C=native code)


Current CompileTask:
C2:   7923 4037       4       org.gradle.model.internal.type.ModelType::wrap (219 bytes)


---------------  P R O C E S S  ---------------

Java Threads: ( => current thread )
  0x000000001cd06000 JavaThread "Memory manager" [_thread_blocked, id=7796, stack(0x0000000024ca0000,0x0000000024da0000)]
  0x000000001cd04000 JavaThread "build operations Thread 8" [_thread_blocked, id=6932, stack(0x0000000024ba0000,0x0000000024ca0000)]
  0x000000001cd09000 JavaThread "build operations Thread 7" [_thread_blocked, id=2640, stack(0x0000000024aa0000,0x0000000024ba0000)]
  0x000000001d505800 JavaThread "build operations Thread 6" [_thread_blocked, id=2676, stack(0x00000000249a0000,0x0000000024aa0000)]
  0x000000001d504800 JavaThread "build operations Thread 5" [_thread_blocked, id=6168, stack(0x00000000248a0000,0x00000000249a0000)]
  0x000000001d504000 JavaThread "build operations Thread 4" [_thread_blocked, id=8332, stack(0x00000000247a0000,0x00000000248a0000)]
  0x000000001d503000 JavaThread "build operations Thread 3" [_thread_blocked, id=9624, stack(0x00000000246a0000,0x00000000247a0000)]
  0x000000001d501800 JavaThread "build operations Thread 2" [_thread_blocked, id=5112, stack(0x00000000245a0000,0x00000000246a0000)]
  0x000000001d501000 JavaThread "build operations" [_thread_blocked, id=8824, stack(0x00000000244a0000,0x00000000245a0000)]
  0x000000001d4ff800 JavaThread "Cache worker for Artifact transforms cache (D:\systems\.gradle\caches\transforms-1)" [_thread_blocked, id=6124, stack(0x00000000243a0000,0x00000000244a0000)]
  0x000000001cca6000 JavaThread "Cache worker for file hash cache (D:\android\androidExample\AppTest2\.gradle\4.1\fileHashes)" [_thread_blocked, id=9860, stack(0x000000001ef10000,0x000000001f010000)]
  0x000000001c84b800 JavaThread "File lock request listener" [_thread_in_native, id=8208, stack(0x000000001ec10000,0x000000001ed10000)]
  0x000000001c3d2800 JavaThread "Cache worker for file hash cache (D:\systems\.gradle\caches\4.1\fileHashes)" [_thread_blocked, id=8108, stack(0x000000001eb10000,0x000000001ec10000)]
  0x000000001c250800 JavaThread "Stdin handler" [_thread_blocked, id=8260, stack(0x000000001e910000,0x000000001ea10000)]
  0x000000001c1b7800 JavaThread "Asynchronous log dispatcher for DefaultDaemonConnection: socket connection from /127.0.0.1:6525 to /127.0.0.1:6526" [_thread_blocked, id=4728, stack(0x000000001e810000,0x000000001e910000)]
  0x000000001c945800 JavaThread "Daemon worker" [_thread_in_native, id=9704, stack(0x000000001e710000,0x000000001e810000)]
  0x000000001c252000 JavaThread "Cancel handler" [_thread_blocked, id=1156, stack(0x000000001e610000,0x000000001e710000)]
  0x000000001c6a2800 JavaThread "Handler for socket connection from /127.0.0.1:6525 to /127.0.0.1:6526" [_thread_in_native, id=7704, stack(0x000000001e310000,0x000000001e410000)]
  0x000000001c054800 JavaThread "Daemon" [_thread_blocked, id=7672, stack(0x000000001e210000,0x000000001e310000)]
  0x000000001c8f4000 JavaThread "Daemon periodic checks" [_thread_blocked, id=4972, stack(0x000000001e110000,0x000000001e210000)]
  0x000000001c5b6000 JavaThread "Incoming local TCP Connector on port 6525" [_thread_in_native, id=5344, stack(0x000000001d960000,0x000000001da60000)]
  0x000000001a4d8800 JavaThread "Service Thread" daemon [_thread_blocked, id=6100, stack(0x000000001afc0000,0x000000001b0c0000)]
  0x000000001a45a000 JavaThread "C1 CompilerThread3" daemon [_thread_blocked, id=6224, stack(0x000000001aec0000,0x000000001afc0000)]
  0x000000001a40d800 JavaThread "C2 CompilerThread2" daemon [_thread_blocked, id=5384, stack(0x000000001adc0000,0x000000001aec0000)]
=>0x000000001a40a000 JavaThread "C2 CompilerThread1" daemon [_thread_in_native, id=7776, stack(0x000000001acc0000,0x000000001adc0000)]
  0x000000001a408000 JavaThread "C2 CompilerThread0" daemon [_thread_blocked, id=3680, stack(0x000000001abc0000,0x000000001acc0000)]
  0x000000001a406000 JavaThread "Attach Listener" daemon [_thread_blocked, id=6336, stack(0x000000001aac0000,0x000000001abc0000)]
  0x000000001a451800 JavaThread "Signal Dispatcher" daemon [_thread_blocked, id=5220, stack(0x000000001a9c0000,0x000000001aac0000)]
  0x000000001a3f0800 JavaThread "Finalizer" daemon [_thread_blocked, id=8052, stack(0x000000001a7d0000,0x000000001a8d0000)]
  0x0000000004729000 JavaThread "Reference Handler" daemon [_thread_blocked, id=5396, stack(0x000000001a2d0000,0x000000001a3d0000)]
  0x00000000044ee800 JavaThread "main" [_thread_blocked, id=3276, stack(0x00000000044f0000,0x00000000045f0000)]

Other Threads:
  0x00000000184e5800 VMThread [stack: 0x000000001a1d0000,0x000000001a2d0000] [id=5432]
  0x000000001a4d9800 WatcherThread [stack: 0x000000001b0c0000,0x000000001b1c0000] [id=10096]

VM state:not at safepoint (normal execution)

VM Mutex/Monitor currently owned by a thread: None

Heap:
 PSYoungGen      total 101376K, used 59811K [0x00000000e0000000, 0x00000000e7200000, 0x0000000100000000)
  eden space 91648K, 65% used [0x00000000e0000000,0x00000000e3a68f08,0x00000000e5980000)
  from space 9728K, 0% used [0x00000000e6880000,0x00000000e6880000,0x00000000e7200000)
  to   space 12288K, 0% used [0x00000000e5a00000,0x00000000e5a00000,0x00000000e6600000)
 ParOldGen       total 103936K, used 15799K [0x00000000a0000000, 0x00000000a6580000, 0x00000000e0000000)
  object space 103936K, 15% used [0x00000000a0000000,0x00000000a0f6dcc8,0x00000000a6580000)
 Metaspace       used 38171K, capacity 38906K, committed 39128K, reserved 1083392K
  class space    used 5114K, capacity 5359K, committed 5376K, reserved 1048576K

Card table byte_map: [0x0000000013af0000,0x0000000013e00000] byte_map_base: 0x00000000135f0000

Marking Bits: (ParMarkBitMap*) 0x00000000562f3950
 Begin Bits: [0x0000000014800000, 0x0000000016000000)
 End Bits:   [0x0000000016000000, 0x0000000017800000)

Polling page: 0x0000000004450000

CodeCache: size=245760Kb used=15294Kb max_used=15352Kb free=230465Kb
 bounds [0x0000000004730000, 0x0000000005640000, 0x0000000013730000]
 total_blobs=4859 nmethods=4149 adapters=622
 compilation: enabled

Compilation events (10 events):
Event: 7.275 Thread 0x000000001a408000 nmethod 4182% 0x0000000005602190 code [0x00000000056022e0, 0x00000000056026f8]
Event: 7.319 Thread 0x000000001a45a000 4184       3       sun.security.util.ManifestDigester::findSection (180 bytes)
Event: 7.319 Thread 0x000000001a45a000 nmethod 4184 0x000000000560e690 code [0x000000000560e820, 0x000000000560ecb0]
Event: 7.329 Thread 0x000000001a40d800 nmethod 3997 0x000000000562e850 code [0x000000000562ec40, 0x0000000005634030]
Event: 7.777 Thread 0x000000001a45a000 4186       3       sun.security.util.ObjectIdentifier::pack7Oid (84 bytes)
Event: 7.778 Thread 0x000000001a45a000 nmethod 4186 0x0000000005603790 code [0x0000000005603920, 0x0000000005603cb8]
Event: 7.778 Thread 0x000000001a45a000 4185       3       sun.security.util.ObjectIdentifier::pack7Oid (42 bytes)
Event: 7.778 Thread 0x000000001a45a000 nmethod 4185 0x0000000004851bd0 code [0x0000000004851d40, 0x0000000004851f68]
Event: 7.778 Thread 0x000000001a45a000 4187       3       sun.security.util.ObjectIdentifier::checkOtherComponent (39 bytes)
Event: 7.778 Thread 0x000000001a45a000 nmethod 4187 0x0000000004842950 code [0x0000000004842b40, 0x0000000004843468]

GC Heap History (10 events):
Event: 1.953 GC heap before
{Heap before GC invocations=4 (full 1):
 PSYoungGen      total 71680K, used 5104K [0x00000000e0000000, 0x00000000e4b00000, 0x0000000100000000)
  eden space 66560K, 0% used [0x00000000e0000000,0x00000000e0000000,0x00000000e4100000)
  from space 5120K, 99% used [0x00000000e4100000,0x00000000e45fc020,0x00000000e4600000)
  to   space 5120K, 0% used [0x00000000e4600000,0x00000000e4600000,0x00000000e4b00000)
 ParOldGen       total 87552K, used 8345K [0x00000000a0000000, 0x00000000a5580000, 0x00000000e0000000)
  object space 87552K, 9% used [0x00000000a0000000,0x00000000a0826678,0x00000000a5580000)
 Metaspace       used 20633K, capacity 21130K, committed 21248K, reserved 1067008K
  class space    used 2855K, capacity 3038K, committed 3072K, reserved 1048576K
Event: 1.988 GC heap after
Heap after GC invocations=4 (full 1):
 PSYoungGen      total 71680K, used 0K [0x00000000e0000000, 0x00000000e4b00000, 0x0000000100000000)
  eden space 66560K, 0% used [0x00000000e0000000,0x00000000e0000000,0x00000000e4100000)
  from space 5120K, 0% used [0x00000000e4100000,0x00000000e4100000,0x00000000e4600000)
  to   space 5120K, 0% used [0x00000000e4600000,0x00000000e4600000,0x00000000e4b00000)
 ParOldGen       total 71680K, used 11803K [0x00000000a0000000, 0x00000000a4600000, 0x00000000e0000000)
  object space 71680K, 16% used [0x00000000a0000000,0x00000000a0b86f18,0x00000000a4600000)
 Metaspace       used 20633K, capacity 21130K, committed 21248K, reserved 1067008K
  class space    used 2855K, capacity 3038K, committed 3072K, reserved 1048576K
}
Event: 2.568 GC heap before
{Heap before GC invocations=5 (full 1):
 PSYoungGen      total 71680K, used 66560K [0x00000000e0000000, 0x00000000e4b00000, 0x0000000100000000)
  eden space 66560K, 100% used [0x00000000e0000000,0x00000000e4100000,0x00000000e4100000)
  from space 5120K, 0% used [0x00000000e4100000,0x00000000e4100000,0x00000000e4600000)
  to   space 5120K, 0% used [0x00000000e4600000,0x00000000e4600000,0x00000000e4b00000)
 ParOldGen       total 71680K, used 11803K [0x00000000a0000000, 0x00000000a4600000, 0x00000000e0000000)
  object space 71680K, 16% used [0x00000000a0000000,0x00000000a0b86f18,0x00000000a4600000)
 Metaspace       used 25823K, capacity 26370K, committed 26624K, reserved 1073152K
  class space    used 3540K, capacity 3730K, committed 3840K, reserved 1048576K
Event: 2.575 GC heap after
Heap after GC invocations=5 (full 1):
 PSYoungGen      total 71680K, used 5100K [0x00000000e0000000, 0x00000000e6780000, 0x0000000100000000)
  eden space 66560K, 0% used [0x00000000e0000000,0x00000000e0000000,0x00000000e4100000)
  from space 5120K, 99% used [0x00000000e4600000,0x00000000e4afb398,0x00000000e4b00000)
  to   space 5120K, 0% used [0x00000000e4100000,0x00000000e4100000,0x00000000e4600000)
 ParOldGen       total 71680K, used 14107K [0x00000000a0000000, 0x00000000a4600000, 0x00000000e0000000)
  object space 71680K, 19% used [0x00000000a0000000,0x00000000a0dc6d70,0x00000000a4600000)
 Metaspace       used 25823K, capacity 26370K, committed 26624K, reserved 1073152K
  class space    used 3540K, capacity 3730K, committed 3840K, reserved 1048576K
}
Event: 3.265 GC heap before
{Heap before GC invocations=6 (full 1):
 PSYoungGen      total 71680K, used 71660K [0x00000000e0000000, 0x00000000e6780000, 0x0000000100000000)
  eden space 66560K, 100% used [0x00000000e0000000,0x00000000e4100000,0x00000000e4100000)
  from space 5120K, 99% used [0x00000000e4600000,0x00000000e4afb398,0x00000000e4b00000)
  to   space 5120K, 0% used [0x00000000e4100000,0x00000000e4100000,0x00000000e4600000)
 ParOldGen       total 71680K, used 14107K [0x00000000a0000000, 0x00000000a4600000, 0x00000000e0000000)
  object space 71680K, 19% used [0x00000000a0000000,0x00000000a0dc6d70,0x00000000a4600000)
 Metaspace       used 30109K, capacity 30700K, committed 30976K, reserved 1075200K
  class space    used 4110K, capacity 4319K, committed 4352K, reserved 1048576K
Event: 3.273 GC heap after
Heap after GC invocations=6 (full 1):
 PSYoungGen      total 71680K, used 5088K [0x00000000e0000000, 0x00000000e7400000, 0x0000000100000000)
  eden space 66560K, 0% used [0x00000000e0000000,0x00000000e0000000,0x00000000e4100000)
  from space 5120K, 99% used [0x00000000e4100000,0x00000000e45f8030,0x00000000e4600000)
  to   space 11776K, 0% used [0x00000000e6880000,0x00000000e6880000,0x00000000e7400000)
 ParOldGen       total 71680K, used 17045K [0x00000000a0000000, 0x00000000a4600000, 0x00000000e0000000)
  object space 71680K, 23% used [0x00000000a0000000,0x00000000a10a5550,0x00000000a4600000)
 Metaspace       used 30109K, capacity 30700K, committed 30976K, reserved 1075200K
  class space    used 4110K, capacity 4319K, committed 4352K, reserved 1048576K
}
Event: 6.606 GC heap before
{Heap before GC invocations=7 (full 1):
 PSYoungGen      total 71680K, used 60847K [0x00000000e0000000, 0x00000000e7400000, 0x0000000100000000)
  eden space 66560K, 83% used [0x00000000e0000000,0x00000000e3673ed8,0x00000000e4100000)
  from space 5120K, 99% used [0x00000000e4100000,0x00000000e45f8030,0x00000000e4600000)
  to   space 11776K, 0% used [0x00000000e6880000,0x00000000e6880000,0x00000000e7400000)
 ParOldGen       total 71680K, used 17045K [0x00000000a0000000, 0x00000000a4600000, 0x00000000e0000000)
  object space 71680K, 23% used [0x00000000a0000000,0x00000000a10a5550,0x00000000a4600000)
 Metaspace       used 34527K, capacity 35226K, committed 35416K, reserved 1079296K
  class space    used 4690K, capacity 4963K, committed 4992K, reserved 1048576K
Event: 6.615 GC heap after
Heap after GC invocations=7 (full 1):
 PSYoungGen      total 101376K, used 9550K [0x00000000e0000000, 0x00000000e7200000, 0x0000000100000000)
  eden space 91648K, 0% used [0x00000000e0000000,0x00000000e0000000,0x00000000e5980000)
  from space 9728K, 98% used [0x00000000e6880000,0x00000000e71d3aa0,0x00000000e7200000)
  to   space 12288K, 0% used [0x00000000e5a00000,0x00000000e5a00000,0x00000000e6600000)
 ParOldGen       total 71680K, used 17117K [0x00000000a0000000, 0x00000000a4600000, 0x00000000e0000000)
  object space 71680K, 23% used [0x00000000a0000000,0x00000000a10b7560,0x00000000a4600000)
 Metaspace       used 34527K, capacity 35226K, committed 35416K, reserved 1079296K
  class space    used 4690K, capacity 4963K, committed 4992K, reserved 1048576K
}
Event: 6.615 GC heap before
{Heap before GC invocations=8 (full 2):
 PSYoungGen      total 101376K, used 9550K [0x00000000e0000000, 0x00000000e7200000, 0x0000000100000000)
  eden space 91648K, 0% used [0x00000000e0000000,0x00000000e0000000,0x00000000e5980000)
  from space 9728K, 98% used [0x00000000e6880000,0x00000000e71d3aa0,0x00000000e7200000)
  to   space 12288K, 0% used [0x00000000e5a00000,0x00000000e5a00000,0x00000000e6600000)
 ParOldGen       total 71680K, used 17117K [0x00000000a0000000, 0x00000000a4600000, 0x00000000e0000000)
  object space 71680K, 23% used [0x00000000a0000000,0x00000000a10b7560,0x00000000a4600000)
 Metaspace       used 34527K, capacity 35226K, committed 35416K, reserved 1079296K
  class space    used 4690K, capacity 4963K, committed 4992K, reserved 1048576K
Event: 6.666 GC heap after
Heap after GC invocations=8 (full 2):
 PSYoungGen      total 101376K, used 0K [0x00000000e0000000, 0x00000000e7200000, 0x0000000100000000)
  eden space 91648K, 0% used [0x00000000e0000000,0x00000000e0000000,0x00000000e5980000)
  from space 9728K, 0% used [0x00000000e6880000,0x00000000e6880000,0x00000000e7200000)
  to   space 12288K, 0% used [0x00000000e5a00000,0x00000000e5a00000,0x00000000e6600000)
 ParOldGen       total 103936K, used 15799K [0x00000000a0000000, 0x00000000a6580000, 0x00000000e0000000)
  object space 103936K, 15% used [0x00000000a0000000,0x00000000a0f6dcc8,0x00000000a6580000)
 Metaspace       used 34527K, capacity 35226K, committed 35416K, reserved 1079296K
  class space    used 4690K, capacity 4963K, committed 4992K, reserved 1048576K
}

Deoptimization events (10 events):
Event: 6.081 Thread 0x000000001c945800 Uncommon trap: reason=unstable_if action=reinterpret pc=0x0000000004c4eccc method=sun.misc.MetaIndex.mayContain(Ljava/lang/String;)Z @ 38
Event: 6.834 Thread 0x000000001c945800 Uncommon trap: reason=null_check action=make_not_entrant pc=0x00000000052f14e8 method=java.lang.ThreadLocal$ThreadLocalMap.getEntryAfterMiss(Ljava/lang/ThreadLocal;ILjava/lang/ThreadLocal$ThreadLocalMap$Entry;)Ljava/lang/ThreadLocal$ThreadLocalMap$Entry; 
Event: 6.932 Thread 0x000000001c945800 Uncommon trap: reason=unstable_if action=reinterpret pc=0x0000000004e2a034 method=java.util.concurrent.ConcurrentHashMap.get(Ljava/lang/Object;)Ljava/lang/Object; @ 76
Event: 7.006 Thread 0x000000001c945800 Uncommon trap: reason=range_check action=make_not_entrant pc=0x000000000540e590 method=java.lang.String.charAt(I)C @ 27
Event: 7.061 Thread 0x000000001c945800 Uncommon trap: reason=unstable_if action=reinterpret pc=0x0000000005299598 method=java.util.HashMap.removeNode(ILjava/lang/Object;Ljava/lang/Object;ZZ)Ljava/util/HashMap$Node; @ 58
Event: 7.068 Thread 0x000000001c945800 Uncommon trap: reason=unstable_if action=reinterpret pc=0x0000000004fe6f78 method=java.util.HashMap.putVal(ILjava/lang/Object;Ljava/lang/Object;ZZ)Ljava/lang/Object; @ 162
Event: 7.069 Thread 0x000000001c945800 Uncommon trap: reason=unstable_if action=reinterpret pc=0x0000000004f97328 method=java.util.HashMap.putVal(ILjava/lang/Object;Ljava/lang/Object;ZZ)Ljava/lang/Object; @ 162
Event: 7.069 Thread 0x000000001c945800 Uncommon trap: reason=unstable_if action=reinterpret pc=0x0000000004a1a7b8 method=java.util.HashMap.resize()[Ljava/util/HashMap$Node; @ 206
Event: 7.133 Thread 0x000000001c945800 Uncommon trap: reason=unstable_if action=reinterpret pc=0x0000000005533e70 method=java.lang.reflect.Modifier.toString(I)Ljava/lang/String; @ 123
Event: 7.133 Thread 0x000000001c945800 Uncommon trap: reason=unstable_if action=reinterpret pc=0x000000000553ab38 method=java.lang.reflect.Modifier.toString(I)Ljava/lang/String; @ 123

Classes redefined (0 events):
No events

Internal exceptions (10 events):
Event: 4.361 Thread 0x000000001c945800 Exception <a 'java/lang/ClassNotFoundException': org/gradle/api/internal/project/ant/BasicAntBuilderBeanInfo> (0x00000000e30097b0) thrown at [D:\src\AOSP-openjdk-cygwin\jdk8u\hotspot\src\share\vm\classfile\systemDictionary.cpp, line 210]
Event: 4.362 Thread 0x000000001c945800 Exception <a 'java/lang/ClassNotFoundException': org/gradle/api/AntBuilderBeanInfo> (0x00000000e3029d28) thrown at [D:\src\AOSP-openjdk-cygwin\jdk8u\hotspot\src\share\vm\classfile\systemDictionary.cpp, line 210]
Event: 4.362 Thread 0x000000001c945800 Exception <a 'java/lang/ClassNotFoundException': groovy/util/AntBuilderBeanInfo> (0x00000000e3048da0) thrown at [D:\src\AOSP-openjdk-cygwin\jdk8u\hotspot\src\share\vm\classfile\systemDictionary.cpp, line 210]
Event: 4.363 Thread 0x000000001c945800 Exception <a 'java/lang/ClassNotFoundException': groovy/util/BuilderSupportBeanInfo> (0x00000000e30692f0) thrown at [D:\src\AOSP-openjdk-cygwin\jdk8u\hotspot\src\share\vm\classfile\systemDictionary.cpp, line 210]
Event: 4.364 Thread 0x000000001c945800 Exception <a 'java/lang/ClassNotFoundException': groovy/util/BuilderSupportCustomizer> (0x00000000e308b6d0) thrown at [D:\src\AOSP-openjdk-cygwin\jdk8u\hotspot\src\share\vm\classfile\systemDictionary.cpp, line 210]
Event: 4.364 Thread 0x000000001c945800 Exception <a 'java/lang/ClassNotFoundException': groovy/util/AntBuilderCustomizer> (0x00000000e30ae8a8) thrown at [D:\src\AOSP-openjdk-cygwin\jdk8u\hotspot\src\share\vm\classfile\systemDictionary.cpp, line 210]
Event: 4.365 Thread 0x000000001c945800 Exception <a 'java/lang/ClassNotFoundException': org/gradle/api/AntBuilderCustomizer> (0x00000000e30d6c88) thrown at [D:\src\AOSP-openjdk-cygwin\jdk8u\hotspot\src\share\vm\classfile\systemDictionary.cpp, line 210]
Event: 4.365 Thread 0x000000001c945800 Exception <a 'java/lang/ClassNotFoundException': org/gradle/api/internal/project/ant/BasicAntBuilderCustomizer> (0x00000000e3112fc0) thrown at [D:\src\AOSP-openjdk-cygwin\jdk8u\hotspot\src\share\vm\classfile\systemDictionary.cpp, line 210]
Event: 4.366 Thread 0x000000001c945800 Exception <a 'java/lang/ClassNotFoundException': org/gradle/api/internal/project/DefaultAntBuilderCustomizer> (0x00000000e3156108) thrown at [D:\src\AOSP-openjdk-cygwin\jdk8u\hotspot\src\share\vm\classfile\systemDictionary.cpp, line 210]
Event: 6.834 Thread 0x000000001c945800 Implicit null exception at 0x00000000052f1400 to 0x00000000052f14c3

Events (10 events):
Event: 7.875 loading class sun/security/x509/CertAttrSet
Event: 7.875 loading class sun/security/x509/CertAttrSet done
Event: 7.875 loading class sun/security/x509/X509CertInfo done
Event: 7.875 loading class sun/security/x509/CertificateVersion
Event: 7.895 loading class sun/security/x509/CertificateVersion done
Event: 7.895 loading class sun/security/x509/CertificateSerialNumber
Event: 7.919 loading class sun/security/x509/CertificateSerialNumber done
Event: 7.919 loading class sun/security/x509/SerialNumber
Event: 7.920 loading class sun/security/x509/SerialNumber done
Event: 7.920 loading class sun/security/x509/CertificateAlgorithmId


Dynamic libraries:
0x00007ff75f4d0000 - 0x00007ff75f501000 	C:\Program Files\Android\Android Studio\jre\bin\java.exe
0x00007ff949c30000 - 0x00007ff949e10000 	C:\WINDOWS\SYSTEM32\ntdll.dll
0x00007ff947530000 - 0x00007ff9475de000 	C:\WINDOWS\System32\KERNEL32.DLL
0x00007ff946c50000 - 0x00007ff946eb6000 	C:\WINDOWS\System32\KERNELBASE.dll
0x00007ff947760000 - 0x00007ff947801000 	C:\WINDOWS\System32\ADVAPI32.dll
0x00007ff9473c0000 - 0x00007ff94745d000 	C:\WINDOWS\System32\msvcrt.dll
0x00007ff949810000 - 0x00007ff94986b000 	C:\WINDOWS\System32\sechost.dll
0x00007ff947d80000 - 0x00007ff947e9f000 	C:\WINDOWS\System32\RPCRT4.dll
0x00007ff949870000 - 0x00007ff9499ff000 	C:\WINDOWS\System32\USER32.dll
0x00007ff9470e0000 - 0x00007ff947100000 	C:\WINDOWS\System32\win32u.dll
0x00007ff949380000 - 0x00007ff9493a8000 	C:\WINDOWS\System32\GDI32.dll
0x00007ff946780000 - 0x00007ff946913000 	C:\WINDOWS\System32\gdi32full.dll
0x00007ff946b00000 - 0x00007ff946b9b000 	C:\WINDOWS\System32\msvcp_win.dll
0x00007ff946920000 - 0x00007ff946a16000 	C:\WINDOWS\System32\ucrtbase.dll
0x00007ff929840000 - 0x00007ff929aa9000 	C:\WINDOWS\WinSxS\amd64_microsoft.windows.common-controls_6595b64144ccf1df_6.0.16299.125_none_15cbcf8893620c09\COMCTL32.dll
0x00007ff949500000 - 0x00007ff949808000 	C:\WINDOWS\System32\combase.dll
0x00007ff946a20000 - 0x00007ff946a92000 	C:\WINDOWS\System32\bcryptPrimitives.dll
0x00007ff9492e0000 - 0x00007ff94930d000 	C:\WINDOWS\System32\IMM32.DLL
0x0000000056800000 - 0x00000000568d2000 	C:\Program Files\Android\Android Studio\jre\jre\bin\msvcr100.dll
0x0000000055b30000 - 0x000000005636e000 	C:\Program Files\Android\Android Studio\jre\jre\bin\server\jvm.dll
0x00007ff949a00000 - 0x00007ff949a08000 	C:\WINDOWS\System32\PSAPI.DLL
0x00007ff93b1e0000 - 0x00007ff93b203000 	C:\WINDOWS\SYSTEM32\WINMM.dll
0x00007ff93b150000 - 0x00007ff93b159000 	C:\WINDOWS\SYSTEM32\WSOCK32.dll
0x00007ff93b780000 - 0x00007ff93b78a000 	C:\WINDOWS\SYSTEM32\VERSION.dll
0x00007ff947d10000 - 0x00007ff947d7c000 	C:\WINDOWS\System32\WS2_32.dll
0x00007ff93b160000 - 0x00007ff93b18a000 	C:\WINDOWS\SYSTEM32\winmmbase.dll
0x00007ff946ec0000 - 0x00007ff946f0a000 	C:\WINDOWS\System32\cfgmgr32.dll
0x00007ff941a40000 - 0x00007ff941a4f000 	C:\Program Files\Android\Android Studio\jre\jre\bin\verify.dll
0x00007ff941950000 - 0x00007ff941979000 	C:\Program Files\Android\Android Studio\jre\jre\bin\java.dll
0x00007ff93bf20000 - 0x00007ff93bf36000 	C:\Program Files\Android\Android Studio\jre\jre\bin\zip.dll
0x00007ff947ea0000 - 0x00007ff9492d6000 	C:\WINDOWS\System32\SHELL32.dll
0x00007ff947c60000 - 0x00007ff947d06000 	C:\WINDOWS\System32\shcore.dll
0x00007ff946030000 - 0x00007ff946777000 	C:\WINDOWS\System32\windows.storage.dll
0x00007ff947360000 - 0x00007ff9473b1000 	C:\WINDOWS\System32\shlwapi.dll
0x00007ff945fc0000 - 0x00007ff945fd1000 	C:\WINDOWS\System32\kernel.appcore.dll
0x00007ff945fe0000 - 0x00007ff94602c000 	C:\WINDOWS\System32\powrprof.dll
0x00007ff945fa0000 - 0x00007ff945fbb000 	C:\WINDOWS\System32\profapi.dll
0x00007ff937e30000 - 0x00007ff937e4a000 	C:\Program Files\Android\Android Studio\jre\jre\bin\net.dll
0x00007ff945810000 - 0x00007ff945876000 	C:\WINDOWS\system32\mswsock.dll
0x00007ff937e10000 - 0x00007ff937e21000 	C:\Program Files\Android\Android Studio\jre\jre\bin\nio.dll
0x00007ff92ee70000 - 0x00007ff92ee8e000 	D:\systems\.gradle\native\25\windows-amd64\native-platform.dll
0x00007ff941a30000 - 0x00007ff941a3d000 	C:\Program Files\Android\Android Studio\jre\jre\bin\management.dll
0x00007ff9459d0000 - 0x00007ff9459e7000 	C:\WINDOWS\SYSTEM32\CRYPTSP.dll
0x00007ff945420000 - 0x00007ff945453000 	C:\WINDOWS\system32\rsaenh.dll
0x00007ff945ae0000 - 0x00007ff945b05000 	C:\WINDOWS\SYSTEM32\bcrypt.dll
0x00007ff945e80000 - 0x00007ff945ea9000 	C:\WINDOWS\SYSTEM32\USERENV.dll
0x00007ff9459f0000 - 0x00007ff9459fb000 	C:\WINDOWS\SYSTEM32\CRYPTBASE.dll
0x00007ff9455a0000 - 0x00007ff9455d9000 	C:\WINDOWS\SYSTEM32\IPHLPAPI.DLL
0x00007ff949370000 - 0x00007ff949378000 	C:\WINDOWS\System32\NSI.dll
0x00007ff93f400000 - 0x00007ff93f416000 	C:\WINDOWS\SYSTEM32\dhcpcsvc6.DLL
0x00007ff93f3e0000 - 0x00007ff93f3fa000 	C:\WINDOWS\SYSTEM32\dhcpcsvc.DLL

VM Arguments:
jvm_args: -Xmx1536m -Dfile.encoding=x-windows-874 -Duser.country=US -Duser.language=en -Duser.variant 
java_command: org.gradle.launcher.daemon.bootstrap.GradleDaemon 4.1
java_class_path (initial): D:\systems\.gradle\wrapper\dists\gradle-4.1-all\bzyivzo6n839fup2jbap0tjew\gradle-4.1\lib\gradle-launcher-4.1.jar
Launcher Type: SUN_STANDARD

Environment Variables:
JAVA_HOME=C:\Program Files\Java\jdk1.8.0_144
PATH=C:\Python3\;C:\Python3\Scripts;C:\WinAVR-20100110\bin;C:\WinAVR-20100110\utils\bin;C:\ProgramData\Oracle\Java\javapath;C:\WINDOWS\system32;C:\WINDOWS;C:\WINDOWS\System32\Wbem;C:\WINDOWS\System32\WindowsPowerShell\v1.0\;C:\Program Files\MATLAB\R2014a\runtime\win64;C:\Program Files\MATLAB\R2014a\bin;C:\Program Files\MATLAB\R2014a\polyspace\bin;C:\Program Files (x86)\Microsoft SQL Server\100\Tools\Binn\;C:\Program Files\Microsoft SQL Server\100\Tools\Binn\;C:\Program Files\Microsoft SQL Server\100\DTS\Binn\;C:\Program Files\Java\jdk1.8.0_144\bin;C:\Program Files (x86)\VideoLAN\VLC;C:\cygwin64\bin;C:\Program Files\node;C:\Program Files\node\node_modules\npm\bin;C:\Program Files\Git\cmd;C:\Program Files\Docker Toolbox;C:\Program Files\nodejs\;C:\Users\%USERSNAME%\AppData\Roaming\npm;C:\Users\5635512069\AppData\Local\Microsoft\WindowsApps;
USERNAME=5635512069
OS=Windows_NT
PROCESSOR_IDENTIFIER=Intel64 Family 6 Model 60 Stepping 3, GenuineIntel



---------------  S Y S T E M  ---------------

OS: Windows 10.0 , 64 bit Build 16299 (10.0.16299.15)

CPU:total 8 (initial active 8) (4 cores per cpu, 2 threads per core) family 6 model 60 stepping 3, cmov, cx8, fxsr, mmx, sse, sse2, sse3, ssse3, sse4.1, sse4.2, popcnt, avx, avx2, clmul, erms, lzcnt, ht, tsc, tscinvbit, bmi1, bmi2

Memory: 4k page, physical 8261332k(870036k free), swap 8261332k(6500k free)

vm_info: OpenJDK 64-Bit Server VM (25.152-b01) for windows-amd64 JRE (1.8.0_152-release-915-b01), built by "builder" with MS VC++ 10.0 (VS2010)

time: Fri Jan 19 13:59:46 2018
elapsed time: 7 seconds (0d 0h 0m 7s)

